[WARNING] 
[WARNING] Some problems were encountered while building the effective settings
[WARNING] Expected root element 'settings' but found 'build' (position: START_TAG seen <build>... @1:7)  @ /Users/chawlar/.m2/settings.xml, line 1, column 7
[WARNING] 
[INFO] Scanning for projects...
[INFO] Inspecting build with total of 8 modules...
[INFO] Installing Nexus Staging features:
[INFO]   ... total of 8 executions of maven-deploy-plugin replaced with nexus-staging-maven-plugin
[INFO] ------------------------------------------------------------------------
[INFO] Reactor Build Order:
[INFO] 
[INFO] Workspace One Connectors Parent
[INFO] common
[INFO] Workspace One Common Testing Module
[INFO] Workspace One Common Module
[INFO] Workspace One Connectors Common Config Module
[INFO] Workspace One Connectors Common Testing Module
[INFO] connectors
[INFO] servicenow-connector
[INFO] 
[INFO] ------------------------------------------------------------------------
[INFO] Building Workspace One Connectors Parent 2.2-SNAPSHOT
[INFO] ------------------------------------------------------------------------
[INFO] 
[INFO] --- maven-clean-plugin:3.0.0:clean (default-clean) @ connectors-parent ---
[INFO] 
[INFO] --- maven-install-plugin:2.5.2:install (default-install) @ connectors-parent ---
[INFO] Installing /Users/chawlar/workspace/watson/watson_ga/connectors-workspace-one/pom.xml to /Users/chawlar/.m2/repository/com/vmware/card-connectors/connectors-parent/2.2-SNAPSHOT/connectors-parent-2.2-SNAPSHOT.pom
[INFO] 
[INFO] ------------------------------------------------------------------------
[INFO] Building common 2.2-SNAPSHOT
[INFO] ------------------------------------------------------------------------
[INFO] 
[INFO] --- maven-clean-plugin:3.0.0:clean (default-clean) @ common ---
[INFO] 
[INFO] --- maven-install-plugin:2.5.2:install (default-install) @ common ---
[INFO] Installing /Users/chawlar/workspace/watson/watson_ga/connectors-workspace-one/common/pom.xml to /Users/chawlar/.m2/repository/com/vmware/card-connectors/common/2.2-SNAPSHOT/common-2.2-SNAPSHOT.pom
[INFO] 
[INFO] ------------------------------------------------------------------------
[INFO] Building Workspace One Common Testing Module 2.2-SNAPSHOT
[INFO] ------------------------------------------------------------------------
[INFO] 
[INFO] --- maven-clean-plugin:3.0.0:clean (default-clean) @ core-test ---
[INFO] Deleting /Users/chawlar/workspace/watson/watson_ga/connectors-workspace-one/common/core-test/target
[INFO] 
[INFO] --- maven-enforcer-plugin:1.4.1:enforce (default) @ core-test ---
[INFO] 
[INFO] --- jacoco-maven-plugin:0.8.2:prepare-agent (jacoco-initialize) @ core-test ---
[INFO] argLine set to -javaagent:/Users/chawlar/.m2/repository/org/jacoco/org.jacoco.agent/0.8.2/org.jacoco.agent-0.8.2-runtime.jar=destfile=/Users/chawlar/workspace/watson/watson_ga/connectors-workspace-one/common/core-test/target/jacoco.exec
[INFO] 
[INFO] --- maven-resources-plugin:3.0.2:resources (default-resources) @ core-test ---
[INFO] Using 'UTF-8' encoding to copy filtered resources.
[INFO] skip non existing resourceDirectory /Users/chawlar/workspace/watson/watson_ga/connectors-workspace-one/common/core-test/src/main/resources
[INFO] skip non existing resourceDirectory /Users/chawlar/workspace/watson/watson_ga/connectors-workspace-one/common/core-test/src/main/resources
[INFO] 
[INFO] --- maven-compiler-plugin:3.8.0:compile (default-compile) @ core-test ---
[INFO] Changes detected - recompiling the module!
[INFO] Compiling 4 source files to /Users/chawlar/workspace/watson/watson_ga/connectors-workspace-one/common/core-test/target/classes
[INFO] 
[INFO] --- maven-resources-plugin:3.0.2:testResources (default-testResources) @ core-test ---
[INFO] Using 'UTF-8' encoding to copy filtered resources.
[INFO] skip non existing resourceDirectory /Users/chawlar/workspace/watson/watson_ga/connectors-workspace-one/common/core-test/src/test/resources
[INFO] 
[INFO] --- maven-compiler-plugin:3.8.0:testCompile (default-testCompile) @ core-test ---
[INFO] No sources to compile
[INFO] 
[INFO] --- maven-surefire-plugin:2.22.0:test (default-test) @ core-test ---
[INFO] No tests to run.
[INFO] 
[INFO] --- maven-jar-plugin:3.0.2:jar (default-jar) @ core-test ---
[INFO] Building jar: /Users/chawlar/workspace/watson/watson_ga/connectors-workspace-one/common/core-test/target/core-test-2.2-SNAPSHOT.jar
[INFO] 
[INFO] --- jacoco-maven-plugin:0.8.2:report (jacoco-site) @ core-test ---
[INFO] Skipping JaCoCo execution due to missing execution data file.
[INFO] 
[INFO] >>> maven-pmd-plugin:3.10.0:check (default) > :pmd @ core-test >>>
[INFO] 
[INFO] --- maven-pmd-plugin:3.10.0:pmd (pmd) @ core-test ---
[INFO] 
[INFO] <<< maven-pmd-plugin:3.10.0:check (default) < :pmd @ core-test <<<
[INFO] 
[INFO] 
[INFO] --- maven-pmd-plugin:3.10.0:check (default) @ core-test ---
[INFO] 
[INFO] 
[INFO] >>> maven-pmd-plugin:3.10.0:cpd-check (default) > :cpd @ core-test >>>
[INFO] 
[INFO] --- maven-pmd-plugin:3.10.0:cpd (cpd) @ core-test ---
[INFO] 
[INFO] <<< maven-pmd-plugin:3.10.0:cpd-check (default) < :cpd @ core-test <<<
[INFO] 
[INFO] 
[INFO] --- maven-pmd-plugin:3.10.0:cpd-check (default) @ core-test ---
[INFO] 
[INFO] 
[INFO] --- maven-install-plugin:2.5.2:install (default-install) @ core-test ---
[INFO] Installing /Users/chawlar/workspace/watson/watson_ga/connectors-workspace-one/common/core-test/target/core-test-2.2-SNAPSHOT.jar to /Users/chawlar/.m2/repository/com/vmware/card-connectors/core-test/2.2-SNAPSHOT/core-test-2.2-SNAPSHOT.jar
[INFO] Installing /Users/chawlar/workspace/watson/watson_ga/connectors-workspace-one/common/core-test/pom.xml to /Users/chawlar/.m2/repository/com/vmware/card-connectors/core-test/2.2-SNAPSHOT/core-test-2.2-SNAPSHOT.pom
[INFO] 
[INFO] ------------------------------------------------------------------------
[INFO] Building Workspace One Common Module 2.2-SNAPSHOT
[INFO] ------------------------------------------------------------------------
[INFO] 
[INFO] --- maven-clean-plugin:3.0.0:clean (default-clean) @ core ---
[INFO] Deleting /Users/chawlar/workspace/watson/watson_ga/connectors-workspace-one/common/core/target
[INFO] 
[INFO] --- maven-enforcer-plugin:1.4.1:enforce (default) @ core ---
[INFO] 
[INFO] --- jacoco-maven-plugin:0.8.2:prepare-agent (jacoco-initialize) @ core ---
[INFO] argLine set to -javaagent:/Users/chawlar/.m2/repository/org/jacoco/org.jacoco.agent/0.8.2/org.jacoco.agent-0.8.2-runtime.jar=destfile=/Users/chawlar/workspace/watson/watson_ga/connectors-workspace-one/common/core/target/jacoco.exec
[INFO] 
[INFO] --- maven-resources-plugin:3.0.2:resources (default-resources) @ core ---
[INFO] Using 'UTF-8' encoding to copy filtered resources.
[INFO] Copying 1 resource
[INFO] Copying 2 resources
[INFO] 
[INFO] --- maven-compiler-plugin:3.8.0:compile (default-compile) @ core ---
[INFO] Changes detected - recompiling the module!
[INFO] Compiling 20 source files to /Users/chawlar/workspace/watson/watson_ga/connectors-workspace-one/common/core/target/classes
[INFO] /Users/chawlar/workspace/watson/watson_ga/connectors-workspace-one/common/core/src/main/java/com/vmware/connectors/common/json/JsonDocumentHttpMessageConverter.java: /Users/chawlar/workspace/watson/watson_ga/connectors-workspace-one/common/core/src/main/java/com/vmware/connectors/common/json/JsonDocumentHttpMessageConverter.java uses or overrides a deprecated API.
[INFO] /Users/chawlar/workspace/watson/watson_ga/connectors-workspace-one/common/core/src/main/java/com/vmware/connectors/common/json/JsonDocumentHttpMessageConverter.java: Recompile with -Xlint:deprecation for details.
[INFO] /Users/chawlar/workspace/watson/watson_ga/connectors-workspace-one/common/core/src/main/java/com/vmware/connectors/common/payloads/response/Card.java: /Users/chawlar/workspace/watson/watson_ga/connectors-workspace-one/common/core/src/main/java/com/vmware/connectors/common/payloads/response/Card.java uses unchecked or unsafe operations.
[INFO] /Users/chawlar/workspace/watson/watson_ga/connectors-workspace-one/common/core/src/main/java/com/vmware/connectors/common/payloads/response/Card.java: Recompile with -Xlint:unchecked for details.
[INFO] 
[INFO] --- maven-resources-plugin:3.0.2:testResources (default-testResources) @ core ---
[INFO] Using 'UTF-8' encoding to copy filtered resources.
[INFO] Copying 7 resources
[INFO] 
[INFO] --- maven-compiler-plugin:3.8.0:testCompile (default-testCompile) @ core ---
[INFO] Changes detected - recompiling the module!
[INFO] Compiling 7 source files to /Users/chawlar/workspace/watson/watson_ga/connectors-workspace-one/common/core/target/test-classes
[INFO] 
[INFO] --- maven-surefire-plugin:2.22.0:test (default-test) @ core ---
[INFO] 
[INFO] -------------------------------------------------------
[INFO]  T E S T S
[INFO] -------------------------------------------------------
[INFO] Running com.vmware.connectors.common.payloads.response.CardTest
[INFO] Tests run: 40, Failures: 0, Errors: 0, Skipped: 0, Time elapsed: 1.594 s - in com.vmware.connectors.common.payloads.response.CardTest
[INFO] Running com.vmware.connectors.common.payloads.response.CardBodyTest
[INFO] Tests run: 12, Failures: 0, Errors: 0, Skipped: 0, Time elapsed: 0.024 s - in com.vmware.connectors.common.payloads.response.CardBodyTest
[INFO] Running com.vmware.connectors.common.payloads.response.CardHeaderTest
[INFO] Tests run: 22, Failures: 0, Errors: 0, Skipped: 0, Time elapsed: 0.047 s - in com.vmware.connectors.common.payloads.response.CardHeaderTest
[INFO] Running com.vmware.connectors.common.payloads.response.CardActionInputFieldTest
[INFO] Tests run: 15, Failures: 0, Errors: 0, Skipped: 0, Time elapsed: 0.056 s - in com.vmware.connectors.common.payloads.response.CardActionInputFieldTest
[INFO] Running com.vmware.connectors.common.payloads.response.CardActionTest
[INFO] Tests run: 29, Failures: 0, Errors: 0, Skipped: 0, Time elapsed: 0.062 s - in com.vmware.connectors.common.payloads.response.CardActionTest
[INFO] Running com.vmware.connectors.common.payloads.response.CardBodyFieldTest
[INFO] Tests run: 12, Failures: 0, Errors: 0, Skipped: 0, Time elapsed: 0 s - in com.vmware.connectors.common.payloads.response.CardBodyFieldTest
[INFO] Running com.vmware.connectors.common.utils.HashUtilTest
[INFO] Tests run: 32, Failures: 0, Errors: 0, Skipped: 0, Time elapsed: 0.034 s - in com.vmware.connectors.common.utils.HashUtilTest
[INFO] 
[INFO] Results:
[INFO] 
[INFO] Tests run: 162, Failures: 0, Errors: 0, Skipped: 0
[INFO] 
[INFO] 
[INFO] --- maven-jar-plugin:3.0.2:jar (default-jar) @ core ---
[INFO] Building jar: /Users/chawlar/workspace/watson/watson_ga/connectors-workspace-one/common/core/target/core-2.2-SNAPSHOT.jar
[INFO] 
[INFO] --- jacoco-maven-plugin:0.8.2:report (jacoco-site) @ core ---
[INFO] Loading execution data file /Users/chawlar/workspace/watson/watson_ga/connectors-workspace-one/common/core/target/jacoco.exec
[INFO] Analyzed bundle 'Workspace One Common Module' with 25 classes
[INFO] 
[INFO] >>> maven-pmd-plugin:3.10.0:check (default) > :pmd @ core >>>
[INFO] 
[INFO] --- maven-pmd-plugin:3.10.0:pmd (pmd) @ core ---
[INFO] 
[INFO] <<< maven-pmd-plugin:3.10.0:check (default) < :pmd @ core <<<
[INFO] 
[INFO] 
[INFO] --- maven-pmd-plugin:3.10.0:check (default) @ core ---
[INFO] 
[INFO] 
[INFO] >>> maven-pmd-plugin:3.10.0:cpd-check (default) > :cpd @ core >>>
[INFO] 
[INFO] --- maven-pmd-plugin:3.10.0:cpd (cpd) @ core ---
[INFO] 
[INFO] <<< maven-pmd-plugin:3.10.0:cpd-check (default) < :cpd @ core <<<
[INFO] 
[INFO] 
[INFO] --- maven-pmd-plugin:3.10.0:cpd-check (default) @ core ---
[INFO] 
[INFO] 
[INFO] --- maven-install-plugin:2.5.2:install (default-install) @ core ---
[INFO] Installing /Users/chawlar/workspace/watson/watson_ga/connectors-workspace-one/common/core/target/core-2.2-SNAPSHOT.jar to /Users/chawlar/.m2/repository/com/vmware/card-connectors/core/2.2-SNAPSHOT/core-2.2-SNAPSHOT.jar
[INFO] Installing /Users/chawlar/workspace/watson/watson_ga/connectors-workspace-one/common/core/pom.xml to /Users/chawlar/.m2/repository/com/vmware/card-connectors/core/2.2-SNAPSHOT/core-2.2-SNAPSHOT.pom
[INFO] 
[INFO] ------------------------------------------------------------------------
[INFO] Building Workspace One Connectors Common Config Module 2.2-SNAPSHOT
[INFO] ------------------------------------------------------------------------
[INFO] 
[INFO] --- maven-clean-plugin:3.0.0:clean (default-clean) @ connectors-config ---
[INFO] Deleting /Users/chawlar/workspace/watson/watson_ga/connectors-workspace-one/common/connectors-config/target
[INFO] 
[INFO] --- maven-enforcer-plugin:1.4.1:enforce (default) @ connectors-config ---
[INFO] 
[INFO] --- jacoco-maven-plugin:0.8.2:prepare-agent (jacoco-initialize) @ connectors-config ---
[INFO] argLine set to -javaagent:/Users/chawlar/.m2/repository/org/jacoco/org.jacoco.agent/0.8.2/org.jacoco.agent-0.8.2-runtime.jar=destfile=/Users/chawlar/workspace/watson/watson_ga/connectors-workspace-one/common/connectors-config/target/jacoco.exec
[INFO] 
[INFO] --- maven-resources-plugin:3.0.2:resources (default-resources) @ connectors-config ---
[INFO] Using 'UTF-8' encoding to copy filtered resources.
[INFO] Copying 0 resource
[INFO] Copying 2 resources
[INFO] 
[INFO] --- maven-compiler-plugin:3.8.0:compile (default-compile) @ connectors-config ---
[INFO] Changes detected - recompiling the module!
[INFO] Compiling 5 source files to /Users/chawlar/workspace/watson/watson_ga/connectors-workspace-one/common/connectors-config/target/classes
[INFO] 
[INFO] --- maven-resources-plugin:3.0.2:testResources (default-testResources) @ connectors-config ---
[INFO] Using 'UTF-8' encoding to copy filtered resources.
[INFO] skip non existing resourceDirectory /Users/chawlar/workspace/watson/watson_ga/connectors-workspace-one/common/connectors-config/src/test/resources
[INFO] 
[INFO] --- maven-compiler-plugin:3.8.0:testCompile (default-testCompile) @ connectors-config ---
[INFO] No sources to compile
[INFO] 
[INFO] --- maven-surefire-plugin:2.22.0:test (default-test) @ connectors-config ---
[INFO] No tests to run.
[INFO] 
[INFO] --- maven-jar-plugin:3.0.2:jar (default-jar) @ connectors-config ---
[INFO] Building jar: /Users/chawlar/workspace/watson/watson_ga/connectors-workspace-one/common/connectors-config/target/connectors-config-2.2-SNAPSHOT.jar
[INFO] 
[INFO] --- jacoco-maven-plugin:0.8.2:report (jacoco-site) @ connectors-config ---
[INFO] Skipping JaCoCo execution due to missing execution data file.
[INFO] 
[INFO] >>> maven-pmd-plugin:3.10.0:check (default) > :pmd @ connectors-config >>>
[INFO] 
[INFO] --- maven-pmd-plugin:3.10.0:pmd (pmd) @ connectors-config ---
[INFO] 
[INFO] <<< maven-pmd-plugin:3.10.0:check (default) < :pmd @ connectors-config <<<
[INFO] 
[INFO] 
[INFO] --- maven-pmd-plugin:3.10.0:check (default) @ connectors-config ---
[INFO] 
[INFO] 
[INFO] >>> maven-pmd-plugin:3.10.0:cpd-check (default) > :cpd @ connectors-config >>>
[INFO] 
[INFO] --- maven-pmd-plugin:3.10.0:cpd (cpd) @ connectors-config ---
[INFO] 
[INFO] <<< maven-pmd-plugin:3.10.0:cpd-check (default) < :cpd @ connectors-config <<<
[INFO] 
[INFO] 
[INFO] --- maven-pmd-plugin:3.10.0:cpd-check (default) @ connectors-config ---
[INFO] 
[INFO] 
[INFO] --- maven-install-plugin:2.5.2:install (default-install) @ connectors-config ---
[INFO] Installing /Users/chawlar/workspace/watson/watson_ga/connectors-workspace-one/common/connectors-config/target/connectors-config-2.2-SNAPSHOT.jar to /Users/chawlar/.m2/repository/com/vmware/card-connectors/connectors-config/2.2-SNAPSHOT/connectors-config-2.2-SNAPSHOT.jar
[INFO] Installing /Users/chawlar/workspace/watson/watson_ga/connectors-workspace-one/common/connectors-config/pom.xml to /Users/chawlar/.m2/repository/com/vmware/card-connectors/connectors-config/2.2-SNAPSHOT/connectors-config-2.2-SNAPSHOT.pom
[INFO] 
[INFO] ------------------------------------------------------------------------
[INFO] Building Workspace One Connectors Common Testing Module 2.2-SNAPSHOT
[INFO] ------------------------------------------------------------------------
[INFO] 
[INFO] --- maven-clean-plugin:3.0.0:clean (default-clean) @ connectors-test ---
[INFO] Deleting /Users/chawlar/workspace/watson/watson_ga/connectors-workspace-one/common/connectors-test/target
[INFO] 
[INFO] --- maven-enforcer-plugin:1.4.1:enforce (default) @ connectors-test ---
[INFO] 
[INFO] --- jacoco-maven-plugin:0.8.2:prepare-agent (jacoco-initialize) @ connectors-test ---
[INFO] argLine set to -javaagent:/Users/chawlar/.m2/repository/org/jacoco/org.jacoco.agent/0.8.2/org.jacoco.agent-0.8.2-runtime.jar=destfile=/Users/chawlar/workspace/watson/watson_ga/connectors-workspace-one/common/connectors-test/target/jacoco.exec
[INFO] 
[INFO] --- maven-resources-plugin:3.0.2:resources (default-resources) @ connectors-test ---
[INFO] Using 'UTF-8' encoding to copy filtered resources.
[INFO] Copying 1 resource
[INFO] Copying 2 resources
[INFO] 
[INFO] --- maven-compiler-plugin:3.8.0:compile (default-compile) @ connectors-test ---
[INFO] Changes detected - recompiling the module!
[INFO] Compiling 2 source files to /Users/chawlar/workspace/watson/watson_ga/connectors-workspace-one/common/connectors-test/target/classes
[INFO] 
[INFO] --- maven-resources-plugin:3.0.2:testResources (default-testResources) @ connectors-test ---
[INFO] Using 'UTF-8' encoding to copy filtered resources.
[INFO] skip non existing resourceDirectory /Users/chawlar/workspace/watson/watson_ga/connectors-workspace-one/common/connectors-test/src/test/resources
[INFO] 
[INFO] --- maven-compiler-plugin:3.8.0:testCompile (default-testCompile) @ connectors-test ---
[INFO] No sources to compile
[INFO] 
[INFO] --- maven-surefire-plugin:2.22.0:test (default-test) @ connectors-test ---
[INFO] No tests to run.
[INFO] 
[INFO] --- maven-jar-plugin:3.0.2:jar (default-jar) @ connectors-test ---
[INFO] Building jar: /Users/chawlar/workspace/watson/watson_ga/connectors-workspace-one/common/connectors-test/target/connectors-test-2.2-SNAPSHOT.jar
[INFO] 
[INFO] --- jacoco-maven-plugin:0.8.2:report (jacoco-site) @ connectors-test ---
[INFO] Skipping JaCoCo execution due to missing execution data file.
[INFO] 
[INFO] >>> maven-pmd-plugin:3.10.0:check (default) > :pmd @ connectors-test >>>
[INFO] 
[INFO] --- maven-pmd-plugin:3.10.0:pmd (pmd) @ connectors-test ---
[INFO] 
[INFO] <<< maven-pmd-plugin:3.10.0:check (default) < :pmd @ connectors-test <<<
[INFO] 
[INFO] 
[INFO] --- maven-pmd-plugin:3.10.0:check (default) @ connectors-test ---
[INFO] 
[INFO] 
[INFO] >>> maven-pmd-plugin:3.10.0:cpd-check (default) > :cpd @ connectors-test >>>
[INFO] 
[INFO] --- maven-pmd-plugin:3.10.0:cpd (cpd) @ connectors-test ---
[INFO] 
[INFO] <<< maven-pmd-plugin:3.10.0:cpd-check (default) < :cpd @ connectors-test <<<
[INFO] 
[INFO] 
[INFO] --- maven-pmd-plugin:3.10.0:cpd-check (default) @ connectors-test ---
[INFO] 
[INFO] 
[INFO] --- maven-install-plugin:2.5.2:install (default-install) @ connectors-test ---
[INFO] Installing /Users/chawlar/workspace/watson/watson_ga/connectors-workspace-one/common/connectors-test/target/connectors-test-2.2-SNAPSHOT.jar to /Users/chawlar/.m2/repository/com/vmware/card-connectors/connectors-test/2.2-SNAPSHOT/connectors-test-2.2-SNAPSHOT.jar
[INFO] Installing /Users/chawlar/workspace/watson/watson_ga/connectors-workspace-one/common/connectors-test/pom.xml to /Users/chawlar/.m2/repository/com/vmware/card-connectors/connectors-test/2.2-SNAPSHOT/connectors-test-2.2-SNAPSHOT.pom
[INFO] 
[INFO] ------------------------------------------------------------------------
[INFO] Building connectors 2.2-SNAPSHOT
[INFO] ------------------------------------------------------------------------
[INFO] 
[INFO] --- maven-clean-plugin:3.0.0:clean (default-clean) @ connectors ---
[INFO] 
[INFO] --- maven-install-plugin:2.5.2:install (default-install) @ connectors ---
[INFO] Installing /Users/chawlar/workspace/watson/watson_ga/connectors-workspace-one/connectors/pom.xml to /Users/chawlar/.m2/repository/com/vmware/card-connectors/connectors/2.2-SNAPSHOT/connectors-2.2-SNAPSHOT.pom
[INFO] 
[INFO] ------------------------------------------------------------------------
[INFO] Building servicenow-connector 2.2-SNAPSHOT
[INFO] ------------------------------------------------------------------------
[INFO] 
[INFO] --- maven-clean-plugin:3.0.0:clean (default-clean) @ servicenow-connector ---
[INFO] Deleting /Users/chawlar/workspace/watson/watson_ga/connectors-workspace-one/connectors/servicenow/target
[INFO] 
[INFO] --- maven-enforcer-plugin:1.4.1:enforce (default) @ servicenow-connector ---
[INFO] 
[INFO] --- jacoco-maven-plugin:0.8.2:prepare-agent (jacoco-initialize) @ servicenow-connector ---
[INFO] argLine set to -javaagent:/Users/chawlar/.m2/repository/org/jacoco/org.jacoco.agent/0.8.2/org.jacoco.agent-0.8.2-runtime.jar=destfile=/Users/chawlar/workspace/watson/watson_ga/connectors-workspace-one/connectors/servicenow/target/jacoco.exec
[INFO] 
[INFO] --- maven-resources-plugin:3.0.2:resources (default-resources) @ servicenow-connector ---
[INFO] Using 'UTF-8' encoding to copy filtered resources.
[INFO] Copying 1 resource
[INFO] Copying 4 resources
[INFO] 
[INFO] --- maven-compiler-plugin:3.8.0:compile (default-compile) @ servicenow-connector ---
[INFO] Changes detected - recompiling the module!
[INFO] Compiling 18 source files to /Users/chawlar/workspace/watson/watson_ga/connectors-workspace-one/connectors/servicenow/target/classes
[INFO] /Users/chawlar/workspace/watson/watson_ga/connectors-workspace-one/connectors/servicenow/src/main/java/com/vmware/connectors/servicenow/ServiceNowController.java: /Users/chawlar/workspace/watson/watson_ga/connectors-workspace-one/connectors/servicenow/src/main/java/com/vmware/connectors/servicenow/ServiceNowController.java uses unchecked or unsafe operations.
[INFO] /Users/chawlar/workspace/watson/watson_ga/connectors-workspace-one/connectors/servicenow/src/main/java/com/vmware/connectors/servicenow/ServiceNowController.java: Recompile with -Xlint:unchecked for details.
[INFO] 
[INFO] --- maven-resources-plugin:3.0.2:testResources (default-testResources) @ servicenow-connector ---
[INFO] Using 'UTF-8' encoding to copy filtered resources.
[INFO] Copying 39 resources
[INFO] 
[INFO] --- maven-compiler-plugin:3.8.0:testCompile (default-testCompile) @ servicenow-connector ---
[INFO] Changes detected - recompiling the module!
[INFO] Compiling 1 source file to /Users/chawlar/workspace/watson/watson_ga/connectors-workspace-one/connectors/servicenow/target/test-classes
[INFO] 
[INFO] --- maven-surefire-plugin:2.22.0:test (default-test) @ servicenow-connector ---
[INFO] 
[INFO] -------------------------------------------------------
[INFO]  T E S T S
[INFO] -------------------------------------------------------
[INFO] Running com.vmware.connectors.servicenow.ServiceNowControllerTest
09:04:20.299 [main] DEBUG org.springframework.test.context.BootstrapUtils - Instantiating CacheAwareContextLoaderDelegate from class [org.springframework.test.context.cache.DefaultCacheAwareContextLoaderDelegate]
09:04:20.361 [main] DEBUG org.springframework.test.context.BootstrapUtils - Instantiating BootstrapContext using constructor [public org.springframework.test.context.support.DefaultBootstrapContext(java.lang.Class,org.springframework.test.context.CacheAwareContextLoaderDelegate)]
09:04:20.433 [main] DEBUG org.springframework.test.context.BootstrapUtils - Instantiating TestContextBootstrapper for test class [com.vmware.connectors.servicenow.ServiceNowControllerTest] from class [org.springframework.boot.test.context.SpringBootTestContextBootstrapper]
09:04:20.495 [main] INFO org.springframework.boot.test.context.SpringBootTestContextBootstrapper - Neither @ContextConfiguration nor @ContextHierarchy found for test class [com.vmware.connectors.servicenow.ServiceNowControllerTest], using SpringBootContextLoader
09:04:20.503 [main] DEBUG org.springframework.test.context.support.AbstractContextLoader - Did not detect default resource location for test class [com.vmware.connectors.servicenow.ServiceNowControllerTest]: class path resource [com/vmware/connectors/servicenow/ServiceNowControllerTest-context.xml] does not exist
09:04:20.504 [main] DEBUG org.springframework.test.context.support.AbstractContextLoader - Did not detect default resource location for test class [com.vmware.connectors.servicenow.ServiceNowControllerTest]: class path resource [com/vmware/connectors/servicenow/ServiceNowControllerTestContext.groovy] does not exist
09:04:20.505 [main] INFO org.springframework.test.context.support.AbstractContextLoader - Could not detect default resource locations for test class [com.vmware.connectors.servicenow.ServiceNowControllerTest]: no resource found for suffixes {-context.xml, Context.groovy}.
09:04:20.511 [main] INFO org.springframework.test.context.support.AnnotationConfigContextLoaderUtils - Could not detect default configuration classes for test class [com.vmware.connectors.servicenow.ServiceNowControllerTest]: ServiceNowControllerTest does not declare any static, non-private, non-final, nested classes annotated with @Configuration.
09:04:20.696 [main] DEBUG org.springframework.test.context.support.ActiveProfilesUtils - Could not find an 'annotation declaring class' for annotation type [org.springframework.test.context.ActiveProfiles] and class [com.vmware.connectors.servicenow.ServiceNowControllerTest]
09:04:20.719 [main] DEBUG org.springframework.core.env.StandardEnvironment - Adding PropertySource 'systemProperties' with lowest search precedence
09:04:20.720 [main] DEBUG org.springframework.core.env.StandardEnvironment - Adding PropertySource 'systemEnvironment' with lowest search precedence
09:04:20.721 [main] DEBUG org.springframework.core.env.StandardEnvironment - Initialized StandardEnvironment with PropertySources [MapPropertySource@774840504 {name='systemProperties', properties={gopherProxySet=false, awt.toolkit=sun.lwawt.macosx.LWCToolkit, java.specification.version=10, file.encoding.pkg=sun.io, sun.cpu.isalist=, sun.jnu.encoding=UTF-8, java.class.path=/Users/chawlar/workspace/watson/watson_ga/connectors-workspace-one/connectors/servicenow/target/test-classes:/Users/chawlar/workspace/watson/watson_ga/connectors-workspace-one/connectors/servicenow/target/classes:/Users/chawlar/.m2/repository/com/sun/activation/javax.activation/1.2.0/javax.activation-1.2.0.jar:/Users/chawlar/.m2/repository/javax/xml/bind/jaxb-api/2.3.0/jaxb-api-2.3.0.jar:/Users/chawlar/.m2/repository/com/sun/xml/bind/jaxb-impl/2.3.0.1/jaxb-impl-2.3.0.1.jar:/Users/chawlar/.m2/repository/com/sun/xml/bind/jaxb-core/2.3.0.1/jaxb-core-2.3.0.1.jar:/Users/chawlar/.m2/repository/org/springframework/boot/spring-boot-starter-actuator/2.0.5.RELEASE/spring-boot-starter-actuator-2.0.5.RELEASE.jar:/Users/chawlar/.m2/repository/org/springframework/boot/spring-boot-starter/2.0.5.RELEASE/spring-boot-starter-2.0.5.RELEASE.jar:/Users/chawlar/.m2/repository/org/springframework/boot/spring-boot/2.0.5.RELEASE/spring-boot-2.0.5.RELEASE.jar:/Users/chawlar/.m2/repository/org/springframework/boot/spring-boot-autoconfigure/2.0.5.RELEASE/spring-boot-autoconfigure-2.0.5.RELEASE.jar:/Users/chawlar/.m2/repository/org/springframework/boot/spring-boot-starter-logging/2.0.5.RELEASE/spring-boot-starter-logging-2.0.5.RELEASE.jar:/Users/chawlar/.m2/repository/ch/qos/logback/logback-classic/1.2.3/logback-classic-1.2.3.jar:/Users/chawlar/.m2/repository/ch/qos/logback/logback-core/1.2.3/logback-core-1.2.3.jar:/Users/chawlar/.m2/repository/org/apache/logging/log4j/log4j-to-slf4j/2.10.0/log4j-to-slf4j-2.10.0.jar:/Users/chawlar/.m2/repository/org/apache/logging/log4j/log4j-api/2.10.0/log4j-api-2.10.0.jar:/Users/chawlar/.m2/repository/org/slf4j/jul-to-slf4j/1.7.25/jul-to-slf4j-1.7.25.jar:/Users/chawlar/.m2/repository/javax/annotation/javax.annotation-api/1.3.2/javax.annotation-api-1.3.2.jar:/Users/chawlar/.m2/repository/org/springframework/spring-core/5.0.9.RELEASE/spring-core-5.0.9.RELEASE.jar:/Users/chawlar/.m2/repository/org/springframework/spring-jcl/5.0.9.RELEASE/spring-jcl-5.0.9.RELEASE.jar:/Users/chawlar/.m2/repository/org/yaml/snakeyaml/1.19/snakeyaml-1.19.jar:/Users/chawlar/.m2/repository/org/springframework/boot/spring-boot-actuator-autoconfigure/2.0.5.RELEASE/spring-boot-actuator-autoconfigure-2.0.5.RELEASE.jar:/Users/chawlar/.m2/repository/org/springframework/boot/spring-boot-actuator/2.0.5.RELEASE/spring-boot-actuator-2.0.5.RELEASE.jar:/Users/chawlar/.m2/repository/com/fasterxml/jackson/core/jackson-databind/2.9.6/jackson-databind-2.9.6.jar:/Users/chawlar/.m2/repository/io/micrometer/micrometer-core/1.0.6/micrometer-core-1.0.6.jar:/Users/chawlar/.m2/repository/org/hdrhistogram/HdrHistogram/2.1.10/HdrHistogram-2.1.10.jar:/Users/chawlar/.m2/repository/org/latencyutils/LatencyUtils/2.0.3/LatencyUtils-2.0.3.jar:/Users/chawlar/workspace/watson/watson_ga/connectors-workspace-one/common/core/target/core-2.2-SNAPSHOT.jar:/Users/chawlar/.m2/repository/io/projectreactor/reactor-core/3.1.9.RELEASE/reactor-core-3.1.9.RELEASE.jar:/Users/chawlar/.m2/repository/org/reactivestreams/reactive-streams/1.0.2/reactive-streams-1.0.2.jar:/Users/chawlar/.m2/repository/org/springframework/spring-webflux/5.0.9.RELEASE/spring-webflux-5.0.9.RELEASE.jar:/Users/chawlar/.m2/repository/org/springframework/spring-web/5.0.9.RELEASE/spring-web-5.0.9.RELEASE.jar:/Users/chawlar/.m2/repository/org/apache/commons/commons-lang3/3.8/commons-lang3-3.8.jar:/Users/chawlar/.m2/repository/commons-io/commons-io/2.6/commons-io-2.6.jar:/Users/chawlar/.m2/repository/org/springframework/hateoas/spring-hateoas/0.25.0.RELEASE/spring-hateoas-0.25.0.RELEASE.jar:/Users/chawlar/.m2/repository/org/springframework/spring-webmvc/5.0.9.RELEASE/spring-webmvc-5.0.9.RELEASE.jar:/Users/chawlar/.m2/repository/org/springframework/boot/spring-boot-starter-web/2.0.5.RELEASE/spring-boot-starter-web-2.0.5.RELEASE.jar:/Users/chawlar/.m2/repository/org/springframework/boot/spring-boot-starter-json/2.0.5.RELEASE/spring-boot-starter-json-2.0.5.RELEASE.jar:/Users/chawlar/.m2/repository/com/fasterxml/jackson/datatype/jackson-datatype-jdk8/2.9.6/jackson-datatype-jdk8-2.9.6.jar:/Users/chawlar/.m2/repository/com/fasterxml/jackson/module/jackson-module-parameter-names/2.9.6/jackson-module-parameter-names-2.9.6.jar:/Users/chawlar/.m2/repository/org/springframework/boot/spring-boot-starter-tomcat/2.0.5.RELEASE/spring-boot-starter-tomcat-2.0.5.RELEASE.jar:/Users/chawlar/.m2/repository/org/apache/tomcat/embed/tomcat-embed-core/8.5.34/tomcat-embed-core-8.5.34.jar:/Users/chawlar/.m2/repository/org/apache/tomcat/embed/tomcat-embed-el/8.5.34/tomcat-embed-el-8.5.34.jar:/Users/chawlar/.m2/repository/org/apache/tomcat/embed/tomcat-embed-websocket/8.5.34/tomcat-embed-websocket-8.5.34.jar:/Users/chawlar/.m2/repository/org/hibernate/validator/hibernate-validator/6.0.12.Final/hibernate-validator-6.0.12.Final.jar:/Users/chawlar/.m2/repository/javax/validation/validation-api/2.0.1.Final/validation-api-2.0.1.Final.jar:/Users/chawlar/.m2/repository/org/jboss/logging/jboss-logging/3.3.2.Final/jboss-logging-3.3.2.Final.jar:/Users/chawlar/.m2/repository/com/fasterxml/classmate/1.3.4/classmate-1.3.4.jar:/Users/chawlar/.m2/repository/org/springframework/boot/spring-boot-starter-security/2.0.5.RELEASE/spring-boot-starter-security-2.0.5.RELEASE.jar:/Users/chawlar/.m2/repository/org/springframework/security/spring-security-config/5.0.8.RELEASE/spring-security-config-5.0.8.RELEASE.jar:/Users/chawlar/.m2/repository/org/springframework/security/spring-security-core/5.0.8.RELEASE/spring-security-core-5.0.8.RELEASE.jar:/Users/chawlar/.m2/repository/org/springframework/security/spring-security-web/5.0.8.RELEASE/spring-security-web-5.0.8.RELEASE.jar:/Users/chawlar/.m2/repository/org/springframework/security/oauth/boot/spring-security-oauth2-autoconfigure/2.0.5.RELEASE/spring-security-oauth2-autoconfigure-2.0.5.RELEASE.jar:/Users/chawlar/.m2/repository/com/fasterxml/jackson/core/jackson-annotations/2.9.0/jackson-annotations-2.9.0.jar:/Users/chawlar/.m2/repository/org/springframework/security/oauth/spring-security-oauth2/2.2.2.RELEASE/spring-security-oauth2-2.2.2.RELEASE.jar:/Users/chawlar/.m2/repository/commons-codec/commons-codec/1.11/commons-codec-1.11.jar:/Users/chawlar/.m2/repository/org/codehaus/jackson/jackson-mapper-asl/1.9.13/jackson-mapper-asl-1.9.13.jar:/Users/chawlar/.m2/repository/org/codehaus/jackson/jackson-core-asl/1.9.13/jackson-core-asl-1.9.13.jar:/Users/chawlar/.m2/repository/org/springframework/security/spring-security-jwt/1.0.9.RELEASE/spring-security-jwt-1.0.9.RELEASE.jar:/Users/chawlar/.m2/repository/org/bouncycastle/bcpkix-jdk15on/1.56/bcpkix-jdk15on-1.56.jar:/Users/chawlar/.m2/repository/org/bouncycastle/bcprov-jdk15on/1.56/bcprov-jdk15on-1.56.jar:/Users/chawlar/.m2/repository/com/jayway/jsonpath/json-path/2.4.0/json-path-2.4.0.jar:/Users/chawlar/.m2/repository/net/minidev/json-smart/2.3/json-smart-2.3.jar:/Users/chawlar/.m2/repository/net/minidev/accessors-smart/1.2/accessors-smart-1.2.jar:/Users/chawlar/.m2/repository/org/ow2/asm/asm/5.0.4/asm-5.0.4.jar:/Users/chawlar/.m2/repository/com/fasterxml/jackson/datatype/jackson-datatype-jsr310/2.9.6/jackson-datatype-jsr310-2.9.6.jar:/Users/chawlar/.m2/repository/com/fasterxml/jackson/core/jackson-core/2.9.6/jackson-core-2.9.6.jar:/Users/chawlar/.m2/repository/com/google/guava/guava/26.0-jre/guava-26.0-jre.jar:/Users/chawlar/.m2/repository/com/google/code/findbugs/jsr305/3.0.2/jsr305-3.0.2.jar:/Users/chawlar/.m2/repository/org/checkerframework/checker-qual/2.5.2/checker-qual-2.5.2.jar:/Users/chawlar/.m2/repository/com/google/errorprone/error_prone_annotations/2.1.3/error_prone_annotations-2.1.3.jar:/Users/chawlar/.m2/repository/com/google/j2objc/j2objc-annotations/1.1/j2objc-annotations-1.1.jar:/Users/chawlar/.m2/repository/org/codehaus/mojo/animal-sniffer-annotations/1.14/animal-sniffer-annotations-1.14.jar:/Users/chawlar/workspace/watson/watson_ga/connectors-workspace-one/common/core-test/target/core-test-2.2-SNAPSHOT.jar:/Users/chawlar/.m2/repository/org/springframework/boot/spring-boot-starter-test/2.0.5.RELEASE/spring-boot-starter-test-2.0.5.RELEASE.jar:/Users/chawlar/.m2/repository/org/springframework/boot/spring-boot-test/2.0.5.RELEASE/spring-boot-test-2.0.5.RELEASE.jar:/Users/chawlar/.m2/repository/org/springframework/boot/spring-boot-test-autoconfigure/2.0.5.RELEASE/spring-boot-test-autoconfigure-2.0.5.RELEASE.jar:/Users/chawlar/.m2/repository/junit/junit/4.12/junit-4.12.jar:/Users/chawlar/.m2/repository/org/assertj/assertj-core/3.9.1/assertj-core-3.9.1.jar:/Users/chawlar/.m2/repository/org/mockito/mockito-core/2.22.0/mockito-core-2.22.0.jar:/Users/chawlar/.m2/repository/net/bytebuddy/byte-buddy/1.7.11/byte-buddy-1.7.11.jar:/Users/chawlar/.m2/repository/net/bytebuddy/byte-buddy-agent/1.7.11/byte-buddy-agent-1.7.11.jar:/Users/chawlar/.m2/repository/org/objenesis/objenesis/2.6/objenesis-2.6.jar:/Users/chawlar/.m2/repository/org/hamcrest/hamcrest-core/1.3/hamcrest-core-1.3.jar:/Users/chawlar/.m2/repository/org/hamcrest/hamcrest-library/1.3/hamcrest-library-1.3.jar:/Users/chawlar/.m2/repository/org/skyscreamer/jsonassert/1.5.0/jsonassert-1.5.0.jar:/Users/chawlar/.m2/repository/com/vaadin/external/google/android-json/0.0.20131108.vaadin1/android-json-0.0.20131108.vaadin1.jar:/Users/chawlar/.m2/repository/org/springframework/spring-test/5.0.9.RELEASE/spring-test-5.0.9.RELEASE.jar:/Users/chawlar/.m2/repository/org/xmlunit/xmlunit-core/2.5.1/xmlunit-core-2.5.1.jar:/Users/chawlar/.m2/repository/org/junit/jupiter/junit-jupiter-api/5.3.1/junit-jupiter-api-5.3.1.jar:/Users/chawlar/.m2/repository/org/opentest4j/opentest4j/1.1.1/opentest4j-1.1.1.jar:/Users/chawlar/.m2/repository/org/junit/platform/junit-platform-commons/1.3.1/junit-platform-commons-1.3.1.jar:/Users/chawlar/.m2/repository/com/github/fge/json-schema-core/1.2.5/json-schema-core-1.2.5.jar:/Users/chawlar/.m2/repository/com/github/fge/uri-template/0.9/uri-template-0.9.jar:/Users/chawlar/.m2/repository/com/github/fge/msg-simple/1.1/msg-simple-1.1.jar:/Users/chawlar/.m2/repository/com/github/fge/btf/1.2/btf-1.2.jar:/Users/chawlar/.m2/repository/com/github/fge/jackson-coreutils/1.8/jackson-coreutils-1.8.jar:/Users/chawlar/.m2/repository/org/mozilla/rhino/1.7R4/rhino-1.7R4.jar:/Users/chawlar/.m2/repository/com/github/fge/json-schema-validator/2.2.6/json-schema-validator-2.2.6.jar:/Users/chawlar/.m2/repository/joda-time/joda-time/2.9.9/joda-time-2.9.9.jar:/Users/chawlar/.m2/repository/com/googlecode/libphonenumber/libphonenumber/6.2/libphonenumber-6.2.jar:/Users/chawlar/.m2/repository/javax/mail/mailapi/1.4.3/mailapi-1.4.3.jar:/Users/chawlar/.m2/repository/javax/activation/activation/1.1/activation-1.1.jar:/Users/chawlar/.m2/repository/net/sf/jopt-simple/jopt-simple/4.6/jopt-simple-4.6.jar:/Users/chawlar/.m2/repository/uk/co/datumedge/hamcrest-json/0.2/hamcrest-json-0.2.jar:/Users/chawlar/.m2/repository/com/squareup/okhttp3/mockwebserver/3.11.0/mockwebserver-3.11.0.jar:/Users/chawlar/.m2/repository/com/squareup/okhttp3/okhttp/3.11.0/okhttp-3.11.0.jar:/Users/chawlar/.m2/repository/com/squareup/okio/okio/1.14.0/okio-1.14.0.jar:/Users/chawlar/.m2/repository/org/junit/jupiter/junit-jupiter-engine/5.3.0/junit-jupiter-engine-5.3.0.jar:/Users/chawlar/.m2/repository/org/junit/platform/junit-platform-engine/1.3.0/junit-platform-engine-1.3.0.jar:/Users/chawlar/workspace/watson/watson_ga/connectors-workspace-one/common/connectors-config/target/connectors-config-2.2-SNAPSHOT.jar:/Users/chawlar/.m2/repository/org/springframework/boot/spring-boot-starter-webflux/2.0.5.RELEASE/spring-boot-starter-webflux-2.0.5.RELEASE.jar:/Users/chawlar/.m2/repository/org/springframework/boot/spring-boot-starter-reactor-netty/2.0.5.RELEASE/spring-boot-starter-reactor-netty-2.0.5.RELEASE.jar:/Users/chawlar/.m2/repository/io/projectreactor/ipc/reactor-netty/0.7.9.RELEASE/reactor-netty-0.7.9.RELEASE.jar:/Users/chawlar/.m2/repository/io/netty/netty-codec-http/4.1.29.Final/netty-codec-http-4.1.29.Final.jar:/Users/chawlar/.m2/repository/io/netty/netty-codec/4.1.29.Final/netty-codec-4.1.29.Final.jar:/Users/chawlar/.m2/repository/io/netty/netty-handler/4.1.29.Final/netty-handler-4.1.29.Final.jar:/Users/chawlar/.m2/repository/io/netty/netty-buffer/4.1.29.Final/netty-buffer-4.1.29.Final.jar:/Users/chawlar/.m2/repository/io/netty/netty-transport/4.1.29.Final/netty-transport-4.1.29.Final.jar:/Users/chawlar/.m2/repository/io/netty/netty-resolver/4.1.29.Final/netty-resolver-4.1.29.Final.jar:/Users/chawlar/.m2/repository/io/netty/netty-handler-proxy/4.1.29.Final/netty-handler-proxy-4.1.29.Final.jar:/Users/chawlar/.m2/repository/io/netty/netty-codec-socks/4.1.29.Final/netty-codec-socks-4.1.29.Final.jar:/Users/chawlar/.m2/repository/io/netty/netty-transport-native-epoll/4.1.29.Final/netty-transport-native-epoll-4.1.29.Final-linux-x86_64.jar:/Users/chawlar/.m2/repository/io/netty/netty-common/4.1.29.Final/netty-common-4.1.29.Final.jar:/Users/chawlar/.m2/repository/io/netty/netty-transport-native-unix-common/4.1.29.Final/netty-transport-native-unix-common-4.1.29.Final.jar:/Users/chawlar/.m2/repository/org/synchronoss/cloud/nio-multipart-parser/1.1.0/nio-multipart-parser-1.1.0.jar:/Users/chawlar/.m2/repository/org/synchronoss/cloud/nio-stream-storage/1.1.3/nio-stream-storage-1.1.3.jar:/Users/chawlar/.m2/repository/org/springframework/boot/spring-boot-starter-hateoas/2.0.5.RELEASE/spring-boot-starter-hateoas-2.0.5.RELEASE.jar:/Users/chawlar/workspace/watson/watson_ga/connectors-workspace-one/common/connectors-test/target/connectors-test-2.2-SNAPSHOT.jar:/Users/chawlar/.m2/repository/io/jsonwebtoken/jjwt/0.9.1/jjwt-0.9.1.jar:/Users/chawlar/.m2/repository/org/springframework/plugin/spring-plugin-core/1.2.0.RELEASE/spring-plugin-core-1.2.0.RELEASE.jar:/Users/chawlar/.m2/repository/org/springframework/spring-beans/5.0.9.RELEASE/spring-beans-5.0.9.RELEASE.jar:/Users/chawlar/.m2/repository/org/springframework/spring-context/5.0.9.RELEASE/spring-context-5.0.9.RELEASE.jar:/Users/chawlar/.m2/repository/org/springframework/spring-expression/5.0.9.RELEASE/spring-expression-5.0.9.RELEASE.jar:/Users/chawlar/.m2/repository/org/springframework/spring-aop/5.0.9.RELEASE/spring-aop-5.0.9.RELEASE.jar:/Users/chawlar/.m2/repository/org/slf4j/slf4j-api/1.7.25/slf4j-api-1.7.25.jar:/Users/chawlar/.m2/repository/org/junit/jupiter/junit-jupiter-params/5.3.1/junit-jupiter-params-5.3.1.jar:/Users/chawlar/.m2/repository/org/apiguardian/apiguardian-api/1.0.0/apiguardian-api-1.0.0.jar:, java.vm.vendor="Oracle Corporation", sun.arch.data.model=64, java.vendor.url=http://java.oracle.com/, user.timezone=America/New_York, os.name=Mac OS X, java.vm.specification.version=10, sun.java.launcher=SUN_STANDARD, user.country=US, sun.boot.library.path=/Library/Java/JavaVirtualMachines/jdk-10.0.2.jdk/Contents/Home/lib, sun.java.command=/Users/chawlar/workspace/watson/watson_ga/connectors-workspace-one/connectors/servicenow/target/surefire/surefirebooter15111178962815392132.jar /Users/chawlar/workspace/watson/watson_ga/connectors-workspace-one/connectors/servicenow/target/surefire 2019-02-05T09-04-02_956-jvmRun1 surefire11580174146291394693tmp surefire_14200608525910406523tmp, jdk.debug=release, surefire.test.class.path=/Users/chawlar/workspace/watson/watson_ga/connectors-workspace-one/connectors/servicenow/target/test-classes:/Users/chawlar/workspace/watson/watson_ga/connectors-workspace-one/connectors/servicenow/target/classes:/Users/chawlar/.m2/repository/com/sun/activation/javax.activation/1.2.0/javax.activation-1.2.0.jar:/Users/chawlar/.m2/repository/javax/xml/bind/jaxb-api/2.3.0/jaxb-api-2.3.0.jar:/Users/chawlar/.m2/repository/com/sun/xml/bind/jaxb-impl/2.3.0.1/jaxb-impl-2.3.0.1.jar:/Users/chawlar/.m2/repository/com/sun/xml/bind/jaxb-core/2.3.0.1/jaxb-core-2.3.0.1.jar:/Users/chawlar/.m2/repository/org/springframework/boot/spring-boot-starter-actuator/2.0.5.RELEASE/spring-boot-starter-actuator-2.0.5.RELEASE.jar:/Users/chawlar/.m2/repository/org/springframework/boot/spring-boot-starter/2.0.5.RELEASE/spring-boot-starter-2.0.5.RELEASE.jar:/Users/chawlar/.m2/repository/org/springframework/boot/spring-boot/2.0.5.RELEASE/spring-boot-2.0.5.RELEASE.jar:/Users/chawlar/.m2/repository/org/springframework/boot/spring-boot-autoconfigure/2.0.5.RELEASE/spring-boot-autoconfigure-2.0.5.RELEASE.jar:/Users/chawlar/.m2/repository/org/springframework/boot/spring-boot-starter-logging/2.0.5.RELEASE/spring-boot-starter-logging-2.0.5.RELEASE.jar:/Users/chawlar/.m2/repository/ch/qos/logback/logback-classic/1.2.3/logback-classic-1.2.3.jar:/Users/chawlar/.m2/repository/ch/qos/logback/logback-core/1.2.3/logback-core-1.2.3.jar:/Users/chawlar/.m2/repository/org/apache/logging/log4j/log4j-to-slf4j/2.10.0/log4j-to-slf4j-2.10.0.jar:/Users/chawlar/.m2/repository/org/apache/logging/log4j/log4j-api/2.10.0/log4j-api-2.10.0.jar:/Users/chawlar/.m2/repository/org/slf4j/jul-to-slf4j/1.7.25/jul-to-slf4j-1.7.25.jar:/Users/chawlar/.m2/repository/javax/annotation/javax.annotation-api/1.3.2/javax.annotation-api-1.3.2.jar:/Users/chawlar/.m2/repository/org/springframework/spring-core/5.0.9.RELEASE/spring-core-5.0.9.RELEASE.jar:/Users/chawlar/.m2/repository/org/springframework/spring-jcl/5.0.9.RELEASE/spring-jcl-5.0.9.RELEASE.jar:/Users/chawlar/.m2/repository/org/yaml/snakeyaml/1.19/snakeyaml-1.19.jar:/Users/chawlar/.m2/repository/org/springframework/boot/spring-boot-actuator-autoconfigure/2.0.5.RELEASE/spring-boot-actuator-autoconfigure-2.0.5.RELEASE.jar:/Users/chawlar/.m2/repository/org/springframework/boot/spring-boot-actuator/2.0.5.RELEASE/spring-boot-actuator-2.0.5.RELEASE.jar:/Users/chawlar/.m2/repository/com/fasterxml/jackson/core/jackson-databind/2.9.6/jackson-databind-2.9.6.jar:/Users/chawlar/.m2/repository/io/micrometer/micrometer-core/1.0.6/micrometer-core-1.0.6.jar:/Users/chawlar/.m2/repository/org/hdrhistogram/HdrHistogram/2.1.10/HdrHistogram-2.1.10.jar:/Users/chawlar/.m2/repository/org/latencyutils/LatencyUtils/2.0.3/LatencyUtils-2.0.3.jar:/Users/chawlar/workspace/watson/watson_ga/connectors-workspace-one/common/core/target/core-2.2-SNAPSHOT.jar:/Users/chawlar/.m2/repository/io/projectreactor/reactor-core/3.1.9.RELEASE/reactor-core-3.1.9.RELEASE.jar:/Users/chawlar/.m2/repository/org/reactivestreams/reactive-streams/1.0.2/reactive-streams-1.0.2.jar:/Users/chawlar/.m2/repository/org/springframework/spring-webflux/5.0.9.RELEASE/spring-webflux-5.0.9.RELEASE.jar:/Users/chawlar/.m2/repository/org/springframework/spring-web/5.0.9.RELEASE/spring-web-5.0.9.RELEASE.jar:/Users/chawlar/.m2/repository/org/apache/commons/commons-lang3/3.8/commons-lang3-3.8.jar:/Users/chawlar/.m2/repository/commons-io/commons-io/2.6/commons-io-2.6.jar:/Users/chawlar/.m2/repository/org/springframework/hateoas/spring-hateoas/0.25.0.RELEASE/spring-hateoas-0.25.0.RELEASE.jar:/Users/chawlar/.m2/repository/org/springframework/spring-webmvc/5.0.9.RELEASE/spring-webmvc-5.0.9.RELEASE.jar:/Users/chawlar/.m2/repository/org/springframework/boot/spring-boot-starter-web/2.0.5.RELEASE/spring-boot-starter-web-2.0.5.RELEASE.jar:/Users/chawlar/.m2/repository/org/springframework/boot/spring-boot-starter-json/2.0.5.RELEASE/spring-boot-starter-json-2.0.5.RELEASE.jar:/Users/chawlar/.m2/repository/com/fasterxml/jackson/datatype/jackson-datatype-jdk8/2.9.6/jackson-datatype-jdk8-2.9.6.jar:/Users/chawlar/.m2/repository/com/fasterxml/jackson/module/jackson-module-parameter-names/2.9.6/jackson-module-parameter-names-2.9.6.jar:/Users/chawlar/.m2/repository/org/springframework/boot/spring-boot-starter-tomcat/2.0.5.RELEASE/spring-boot-starter-tomcat-2.0.5.RELEASE.jar:/Users/chawlar/.m2/repository/org/apache/tomcat/embed/tomcat-embed-core/8.5.34/tomcat-embed-core-8.5.34.jar:/Users/chawlar/.m2/repository/org/apache/tomcat/embed/tomcat-embed-el/8.5.34/tomcat-embed-el-8.5.34.jar:/Users/chawlar/.m2/repository/org/apache/tomcat/embed/tomcat-embed-websocket/8.5.34/tomcat-embed-websocket-8.5.34.jar:/Users/chawlar/.m2/repository/org/hibernate/validator/hibernate-validator/6.0.12.Final/hibernate-validator-6.0.12.Final.jar:/Users/chawlar/.m2/repository/javax/validation/validation-api/2.0.1.Final/validation-api-2.0.1.Final.jar:/Users/chawlar/.m2/repository/org/jboss/logging/jboss-logging/3.3.2.Final/jboss-logging-3.3.2.Final.jar:/Users/chawlar/.m2/repository/com/fasterxml/classmate/1.3.4/classmate-1.3.4.jar:/Users/chawlar/.m2/repository/org/springframework/boot/spring-boot-starter-security/2.0.5.RELEASE/spring-boot-starter-security-2.0.5.RELEASE.jar:/Users/chawlar/.m2/repository/org/springframework/security/spring-security-config/5.0.8.RELEASE/spring-security-config-5.0.8.RELEASE.jar:/Users/chawlar/.m2/repository/org/springframework/security/spring-security-core/5.0.8.RELEASE/spring-security-core-5.0.8.RELEASE.jar:/Users/chawlar/.m2/repository/org/springframework/security/spring-security-web/5.0.8.RELEASE/spring-security-web-5.0.8.RELEASE.jar:/Users/chawlar/.m2/repository/org/springframework/security/oauth/boot/spring-security-oauth2-autoconfigure/2.0.5.RELEASE/spring-security-oauth2-autoconfigure-2.0.5.RELEASE.jar:/Users/chawlar/.m2/repository/com/fasterxml/jackson/core/jackson-annotations/2.9.0/jackson-annotations-2.9.0.jar:/Users/chawlar/.m2/repository/org/springframework/security/oauth/spring-security-oauth2/2.2.2.RELEASE/spring-security-oauth2-2.2.2.RELEASE.jar:/Users/chawlar/.m2/repository/commons-codec/commons-codec/1.11/commons-codec-1.11.jar:/Users/chawlar/.m2/repository/org/codehaus/jackson/jackson-mapper-asl/1.9.13/jackson-mapper-asl-1.9.13.jar:/Users/chawlar/.m2/repository/org/codehaus/jackson/jackson-core-asl/1.9.13/jackson-core-asl-1.9.13.jar:/Users/chawlar/.m2/repository/org/springframework/security/spring-security-jwt/1.0.9.RELEASE/spring-security-jwt-1.0.9.RELEASE.jar:/Users/chawlar/.m2/repository/org/bouncycastle/bcpkix-jdk15on/1.56/bcpkix-jdk15on-1.56.jar:/Users/chawlar/.m2/repository/org/bouncycastle/bcprov-jdk15on/1.56/bcprov-jdk15on-1.56.jar:/Users/chawlar/.m2/repository/com/jayway/jsonpath/json-path/2.4.0/json-path-2.4.0.jar:/Users/chawlar/.m2/repository/net/minidev/json-smart/2.3/json-smart-2.3.jar:/Users/chawlar/.m2/repository/net/minidev/accessors-smart/1.2/accessors-smart-1.2.jar:/Users/chawlar/.m2/repository/org/ow2/asm/asm/5.0.4/asm-5.0.4.jar:/Users/chawlar/.m2/repository/com/fasterxml/jackson/datatype/jackson-datatype-jsr310/2.9.6/jackson-datatype-jsr310-2.9.6.jar:/Users/chawlar/.m2/repository/com/fasterxml/jackson/core/jackson-core/2.9.6/jackson-core-2.9.6.jar:/Users/chawlar/.m2/repository/com/google/guava/guava/26.0-jre/guava-26.0-jre.jar:/Users/chawlar/.m2/repository/com/google/code/findbugs/jsr305/3.0.2/jsr305-3.0.2.jar:/Users/chawlar/.m2/repository/org/checkerframework/checker-qual/2.5.2/checker-qual-2.5.2.jar:/Users/chawlar/.m2/repository/com/google/errorprone/error_prone_annotations/2.1.3/error_prone_annotations-2.1.3.jar:/Users/chawlar/.m2/repository/com/google/j2objc/j2objc-annotations/1.1/j2objc-annotations-1.1.jar:/Users/chawlar/.m2/repository/org/codehaus/mojo/animal-sniffer-annotations/1.14/animal-sniffer-annotations-1.14.jar:/Users/chawlar/workspace/watson/watson_ga/connectors-workspace-one/common/core-test/target/core-test-2.2-SNAPSHOT.jar:/Users/chawlar/.m2/repository/org/springframework/boot/spring-boot-starter-test/2.0.5.RELEASE/spring-boot-starter-test-2.0.5.RELEASE.jar:/Users/chawlar/.m2/repository/org/springframework/boot/spring-boot-test/2.0.5.RELEASE/spring-boot-test-2.0.5.RELEASE.jar:/Users/chawlar/.m2/repository/org/springframework/boot/spring-boot-test-autoconfigure/2.0.5.RELEASE/spring-boot-test-autoconfigure-2.0.5.RELEASE.jar:/Users/chawlar/.m2/repository/junit/junit/4.12/junit-4.12.jar:/Users/chawlar/.m2/repository/org/assertj/assertj-core/3.9.1/assertj-core-3.9.1.jar:/Users/chawlar/.m2/repository/org/mockito/mockito-core/2.22.0/mockito-core-2.22.0.jar:/Users/chawlar/.m2/repository/net/bytebuddy/byte-buddy/1.7.11/byte-buddy-1.7.11.jar:/Users/chawlar/.m2/repository/net/bytebuddy/byte-buddy-agent/1.7.11/byte-buddy-agent-1.7.11.jar:/Users/chawlar/.m2/repository/org/objenesis/objenesis/2.6/objenesis-2.6.jar:/Users/chawlar/.m2/repository/org/hamcrest/hamcrest-core/1.3/hamcrest-core-1.3.jar:/Users/chawlar/.m2/repository/org/hamcrest/hamcrest-library/1.3/hamcrest-library-1.3.jar:/Users/chawlar/.m2/repository/org/skyscreamer/jsonassert/1.5.0/jsonassert-1.5.0.jar:/Users/chawlar/.m2/repository/com/vaadin/external/google/android-json/0.0.20131108.vaadin1/android-json-0.0.20131108.vaadin1.jar:/Users/chawlar/.m2/repository/org/springframework/spring-test/5.0.9.RELEASE/spring-test-5.0.9.RELEASE.jar:/Users/chawlar/.m2/repository/org/xmlunit/xmlunit-core/2.5.1/xmlunit-core-2.5.1.jar:/Users/chawlar/.m2/repository/org/junit/jupiter/junit-jupiter-api/5.3.1/junit-jupiter-api-5.3.1.jar:/Users/chawlar/.m2/repository/org/opentest4j/opentest4j/1.1.1/opentest4j-1.1.1.jar:/Users/chawlar/.m2/repository/org/junit/platform/junit-platform-commons/1.3.1/junit-platform-commons-1.3.1.jar:/Users/chawlar/.m2/repository/com/github/fge/json-schema-core/1.2.5/json-schema-core-1.2.5.jar:/Users/chawlar/.m2/repository/com/github/fge/uri-template/0.9/uri-template-0.9.jar:/Users/chawlar/.m2/repository/com/github/fge/msg-simple/1.1/msg-simple-1.1.jar:/Users/chawlar/.m2/repository/com/github/fge/btf/1.2/btf-1.2.jar:/Users/chawlar/.m2/repository/com/github/fge/jackson-coreutils/1.8/jackson-coreutils-1.8.jar:/Users/chawlar/.m2/repository/org/mozilla/rhino/1.7R4/rhino-1.7R4.jar:/Users/chawlar/.m2/repository/com/github/fge/json-schema-validator/2.2.6/json-schema-validator-2.2.6.jar:/Users/chawlar/.m2/repository/joda-time/joda-time/2.9.9/joda-time-2.9.9.jar:/Users/chawlar/.m2/repository/com/googlecode/libphonenumber/libphonenumber/6.2/libphonenumber-6.2.jar:/Users/chawlar/.m2/repository/javax/mail/mailapi/1.4.3/mailapi-1.4.3.jar:/Users/chawlar/.m2/repository/javax/activation/activation/1.1/activation-1.1.jar:/Users/chawlar/.m2/repository/net/sf/jopt-simple/jopt-simple/4.6/jopt-simple-4.6.jar:/Users/chawlar/.m2/repository/uk/co/datumedge/hamcrest-json/0.2/hamcrest-json-0.2.jar:/Users/chawlar/.m2/repository/com/squareup/okhttp3/mockwebserver/3.11.0/mockwebserver-3.11.0.jar:/Users/chawlar/.m2/repository/com/squareup/okhttp3/okhttp/3.11.0/okhttp-3.11.0.jar:/Users/chawlar/.m2/repository/com/squareup/okio/okio/1.14.0/okio-1.14.0.jar:/Users/chawlar/.m2/repository/org/junit/jupiter/junit-jupiter-engine/5.3.0/junit-jupiter-engine-5.3.0.jar:/Users/chawlar/.m2/repository/org/junit/platform/junit-platform-engine/1.3.0/junit-platform-engine-1.3.0.jar:/Users/chawlar/workspace/watson/watson_ga/connectors-workspace-one/common/connectors-config/target/connectors-config-2.2-SNAPSHOT.jar:/Users/chawlar/.m2/repository/org/springframework/boot/spring-boot-starter-webflux/2.0.5.RELEASE/spring-boot-starter-webflux-2.0.5.RELEASE.jar:/Users/chawlar/.m2/repository/org/springframework/boot/spring-boot-starter-reactor-netty/2.0.5.RELEASE/spring-boot-starter-reactor-netty-2.0.5.RELEASE.jar:/Users/chawlar/.m2/repository/io/projectreactor/ipc/reactor-netty/0.7.9.RELEASE/reactor-netty-0.7.9.RELEASE.jar:/Users/chawlar/.m2/repository/io/netty/netty-codec-http/4.1.29.Final/netty-codec-http-4.1.29.Final.jar:/Users/chawlar/.m2/repository/io/netty/netty-codec/4.1.29.Final/netty-codec-4.1.29.Final.jar:/Users/chawlar/.m2/repository/io/netty/netty-handler/4.1.29.Final/netty-handler-4.1.29.Final.jar:/Users/chawlar/.m2/repository/io/netty/netty-buffer/4.1.29.Final/netty-buffer-4.1.29.Final.jar:/Users/chawlar/.m2/repository/io/netty/netty-transport/4.1.29.Final/netty-transport-4.1.29.Final.jar:/Users/chawlar/.m2/repository/io/netty/netty-resolver/4.1.29.Final/netty-resolver-4.1.29.Final.jar:/Users/chawlar/.m2/repository/io/netty/netty-handler-proxy/4.1.29.Final/netty-handler-proxy-4.1.29.Final.jar:/Users/chawlar/.m2/repository/io/netty/netty-codec-socks/4.1.29.Final/netty-codec-socks-4.1.29.Final.jar:/Users/chawlar/.m2/repository/io/netty/netty-transport-native-epoll/4.1.29.Final/netty-transport-native-epoll-4.1.29.Final-linux-x86_64.jar:/Users/chawlar/.m2/repository/io/netty/netty-common/4.1.29.Final/netty-common-4.1.29.Final.jar:/Users/chawlar/.m2/repository/io/netty/netty-transport-native-unix-common/4.1.29.Final/netty-transport-native-unix-common-4.1.29.Final.jar:/Users/chawlar/.m2/repository/org/synchronoss/cloud/nio-multipart-parser/1.1.0/nio-multipart-parser-1.1.0.jar:/Users/chawlar/.m2/repository/org/synchronoss/cloud/nio-stream-storage/1.1.3/nio-stream-storage-1.1.3.jar:/Users/chawlar/.m2/repository/org/springframework/boot/spring-boot-starter-hateoas/2.0.5.RELEASE/spring-boot-starter-hateoas-2.0.5.RELEASE.jar:/Users/chawlar/workspace/watson/watson_ga/connectors-workspace-one/common/connectors-test/target/connectors-test-2.2-SNAPSHOT.jar:/Users/chawlar/.m2/repository/io/jsonwebtoken/jjwt/0.9.1/jjwt-0.9.1.jar:/Users/chawlar/.m2/repository/org/springframework/plugin/spring-plugin-core/1.2.0.RELEASE/spring-plugin-core-1.2.0.RELEASE.jar:/Users/chawlar/.m2/repository/org/springframework/spring-beans/5.0.9.RELEASE/spring-beans-5.0.9.RELEASE.jar:/Users/chawlar/.m2/repository/org/springframework/spring-context/5.0.9.RELEASE/spring-context-5.0.9.RELEASE.jar:/Users/chawlar/.m2/repository/org/springframework/spring-expression/5.0.9.RELEASE/spring-expression-5.0.9.RELEASE.jar:/Users/chawlar/.m2/repository/org/springframework/spring-aop/5.0.9.RELEASE/spring-aop-5.0.9.RELEASE.jar:/Users/chawlar/.m2/repository/org/slf4j/slf4j-api/1.7.25/slf4j-api-1.7.25.jar:/Users/chawlar/.m2/repository/org/junit/jupiter/junit-jupiter-params/5.3.1/junit-jupiter-params-5.3.1.jar:/Users/chawlar/.m2/repository/org/apiguardian/apiguardian-api/1.0.0/apiguardian-api-1.0.0.jar:, sun.cpu.endian=little, pmd.failOnViolation=false, user.home=/Users/chawlar, user.language=en, java.specification.vendor=Oracle Corporation, java.version.date=2018-07-17, java.home=/Library/Java/JavaVirtualMachines/jdk-10.0.2.jdk/Contents/Home, file.separator=/, basedir=/Users/chawlar/workspace/watson/watson_ga/connectors-workspace-one/connectors/servicenow, java.vm.compressedOopsMode=Zero based, line.separator=
, java.specification.name=Java Platform API Specification, java.vm.specification.vendor=Oracle Corporation, java.awt.graphicsenv=sun.awt.CGraphicsEnvironment, surefire.real.class.path=/Users/chawlar/workspace/watson/watson_ga/connectors-workspace-one/connectors/servicenow/target/surefire/surefirebooter15111178962815392132.jar, sun.management.compiler=HotSpot 64-Bit Tiered Compilers, java.runtime.version=10.0.2+13, user.name=chawlar, path.separator=:, os.version=10.14.2, java.runtime.name=Java(TM) SE Runtime Environment, file.encoding=UTF-8, java.vm.name=Java HotSpot(TM) 64-Bit Server VM, java.vendor.version=18.3, localRepository=/Users/chawlar/.m2/repository, java.vendor.url.bug=http://bugreport.java.com/bugreport/, java.io.tmpdir=/var/folders/sn/_n5c5b6d041_4_kbrhlsl6700000gq/T/, java.version=10.0.2, user.dir=/Users/chawlar/workspace/watson/watson_ga/connectors-workspace-one/connectors/servicenow, os.arch=x86_64, java.vm.specification.name=Java Virtual Machine Specification, java.awt.printerjob=sun.lwawt.macosx.CPrinterJob, sun.os.patch.level=unknown, java.library.path=/Users/chawlar/Library/Java/Extensions:/Library/Java/Extensions:/Network/Library/Java/Extensions:/System/Library/Java/Extensions:/usr/lib/java:., java.vendor=Oracle Corporation, java.vm.info=mixed mode, java.vm.version=10.0.2+13, sun.io.unicode.encoding=UnicodeBig, java.class.version=54.0}}, SystemEnvironmentPropertySource@1346672634 {name='systemEnvironment', properties={PATH=/Users/chawlar/anaconda3/envs/radio19/bin:/anaconda3/bin:/Users/chawlar/anaconda3/bin:/anaconda3/bin:/usr/local/bin:/usr/bin:/bin:/usr/sbin:/sbin:/Applications/VMware Fusion.app/Contents/Public/:/opt/X11/bin:/Applications/Wireshark.app/Contents/MacOS, JAVA_MAIN_CLASS_43118=org.apache.maven.surefire.booter.ForkedBooter, CONDA_DEFAULT_ENV=radio19, AWS_SECRET_ACCESS_KEY=dummy-secret, trust_45=origin/feature/TRUST-45-spike-code-jekyll-lib-for-netskope, CONDA_PYTHON_EXE=/Users/chawlar/anaconda3/bin/python, CONDA_PREFIX=/Users/chawlar/anaconda3/envs/radio19, COLORTERM=truecolor, CONDA_PREFIX_1=/Users/chawlar/anaconda3, LOGNAME=chawlar, PWD=/Users/chawlar/workspace/watson/watson_ga/connectors-workspace-one/connectors/servicenow, TERM_PROGRAM_VERSION=3.1.5, PYTHONPATH=/usr/local/Cellar/apache-spark/2.2.1/libexec//python/lib/py4j-0.10.4-src.zip:/usr/local/Cellar/apache-spark/2.2.1/libexec//python:/usr/local/Cellar/apache-spark/2.2.1/libexec//python/build:/usr/local/Cellar/apache-spark/2.2.1/libexec//python/lib/py4j-0.10.4-src.zip:/usr/local/Cellar/apache-spark/2.2.1/libexec//python:/usr/local/Cellar/apache-spark/2.2.1/libexec//python/build:, SHELL=/bin/bash, OLDPWD=/Users/chawlar/workspace/watson/watson_ga/connectors-workspace-one/connectors/servicenow, ITERM_PROFILE=Default, TMPDIR=/var/folders/sn/_n5c5b6d041_4_kbrhlsl6700000gq/T/, docker_sunlab=fceb8fdfded7, XPC_FLAGS=0x0, TERM_SESSION_ID=w0t2p0:D86F12C2-693E-4DD6-970C-3574C9AA9744, __CF_USER_TEXT_ENCODING=0x1F7:0x0:0x0, CONDA_PROMPT_MODIFIER=(radio19) , Apple_PubSub_Socket_Render=/private/tmp/com.apple.launchd.wY51wMKIJz/Render, COLORFGBG=11;15, SHLVL=2, docker_cmanul=91c985b4321b, CONDA_EXE=/Users/chawlar/anaconda3/bin/conda, JAVA_HOME=/Library/Java/JavaVirtualMachines/jdk-10.0.2.jdk/Contents/Home, TERM=xterm-256color, LANG=en_US.UTF-8, DISPLAY=/private/tmp/com.apple.launchd.bSCjLaJTjm/org.macosforge.xquartz:0, SPARK_HOME=/usr/local/Cellar/apache-spark/2.2.1/libexec/, ITERM_SESSION_ID=w0t2p0:D86F12C2-693E-4DD6-970C-3574C9AA9744, AWS_ACCESS_KEY_ID=dummy-access, JAVA_MAIN_CLASS_43063=org.codehaus.plexus.classworlds.launcher.Launcher, XPC_SERVICE_NAME=0, MAVEN_CMD_LINE_ARGS= clean install -Dpmd.failOnViolation=false -am -pl :servicenow-connector, CONDA_SHLVL=2, _=/Library/Java/JavaVirtualMachines/jdk-10.0.2.jdk/Contents/Home/bin/java, ELASTICSEARCH_INDEX=dummy-index, TERM_PROGRAM=iTerm.app, LSCOLORS=gxBxhxDxfxhxhxhxhxcxcx, MAVEN_PROJECTBASEDIR=/Users/chawlar/workspace/watson/watson_ga/connectors-workspace-one, USER=chawlar, CLICOLOR=1, ELASTICSEARCH_HOST=dummy-host, SSH_AUTH_SOCK=/private/tmp/com.apple.launchd.bM0M5lKva4/Listeners, EDITOR=emacs -nw, HOME=/Users/chawlar}}]
09:04:20.765 [main] DEBUG org.springframework.core.io.support.PathMatchingResourcePatternResolver - Resolved classpath location [com/vmware/connectors/servicenow/] to resources [URL [file:/Users/chawlar/workspace/watson/watson_ga/connectors-workspace-one/connectors/servicenow/target/test-classes/com/vmware/connectors/servicenow/], URL [file:/Users/chawlar/workspace/watson/watson_ga/connectors-workspace-one/connectors/servicenow/target/classes/com/vmware/connectors/servicenow/]]
09:04:20.766 [main] DEBUG org.springframework.core.io.support.PathMatchingResourcePatternResolver - Looking for matching resources in directory tree [/Users/chawlar/workspace/watson/watson_ga/connectors-workspace-one/connectors/servicenow/target/test-classes/com/vmware/connectors/servicenow]
09:04:20.766 [main] DEBUG org.springframework.core.io.support.PathMatchingResourcePatternResolver - Searching directory [/Users/chawlar/workspace/watson/watson_ga/connectors-workspace-one/connectors/servicenow/target/test-classes/com/vmware/connectors/servicenow] for files matching pattern [/Users/chawlar/workspace/watson/watson_ga/connectors-workspace-one/connectors/servicenow/target/test-classes/com/vmware/connectors/servicenow/*.class]
09:04:20.780 [main] DEBUG org.springframework.core.io.support.PathMatchingResourcePatternResolver - Looking for matching resources in directory tree [/Users/chawlar/workspace/watson/watson_ga/connectors-workspace-one/connectors/servicenow/target/classes/com/vmware/connectors/servicenow]
09:04:20.780 [main] DEBUG org.springframework.core.io.support.PathMatchingResourcePatternResolver - Searching directory [/Users/chawlar/workspace/watson/watson_ga/connectors-workspace-one/connectors/servicenow/target/classes/com/vmware/connectors/servicenow] for files matching pattern [/Users/chawlar/workspace/watson/watson_ga/connectors-workspace-one/connectors/servicenow/target/classes/com/vmware/connectors/servicenow/*.class]
09:04:20.787 [main] DEBUG org.springframework.core.io.support.PathMatchingResourcePatternResolver - Resolved location pattern [classpath*:com/vmware/connectors/servicenow/*.class] to resources [file [/Users/chawlar/workspace/watson/watson_ga/connectors-workspace-one/connectors/servicenow/target/test-classes/com/vmware/connectors/servicenow/ServiceNowControllerTest.class], file [/Users/chawlar/workspace/watson/watson_ga/connectors-workspace-one/connectors/servicenow/target/classes/com/vmware/connectors/servicenow/ApprovalRequest.class], file [/Users/chawlar/workspace/watson/watson_ga/connectors-workspace-one/connectors/servicenow/target/classes/com/vmware/connectors/servicenow/ApprovalRequestWithInfo.class], file [/Users/chawlar/workspace/watson/watson_ga/connectors-workspace-one/connectors/servicenow/target/classes/com/vmware/connectors/servicenow/ApprovalRequestWithItems.class], file [/Users/chawlar/workspace/watson/watson_ga/connectors-workspace-one/connectors/servicenow/target/classes/com/vmware/connectors/servicenow/Request.class], file [/Users/chawlar/workspace/watson/watson_ga/connectors-workspace-one/connectors/servicenow/target/classes/com/vmware/connectors/servicenow/RequestedItem.class], file [/Users/chawlar/workspace/watson/watson_ga/connectors-workspace-one/connectors/servicenow/target/classes/com/vmware/connectors/servicenow/ScRequest$Fields.class], file [/Users/chawlar/workspace/watson/watson_ga/connectors-workspace-one/connectors/servicenow/target/classes/com/vmware/connectors/servicenow/ScRequest.class], file [/Users/chawlar/workspace/watson/watson_ga/connectors-workspace-one/connectors/servicenow/target/classes/com/vmware/connectors/servicenow/ScRequestedItem$Fields.class], file [/Users/chawlar/workspace/watson/watson_ga/connectors-workspace-one/connectors/servicenow/target/classes/com/vmware/connectors/servicenow/ScRequestedItem.class], file [/Users/chawlar/workspace/watson/watson_ga/connectors-workspace-one/connectors/servicenow/target/classes/com/vmware/connectors/servicenow/ServiceNowConnectorApplication.class], file [/Users/chawlar/workspace/watson/watson_ga/connectors-workspace-one/connectors/servicenow/target/classes/com/vmware/connectors/servicenow/ServiceNowController.class], file [/Users/chawlar/workspace/watson/watson_ga/connectors-workspace-one/connectors/servicenow/target/classes/com/vmware/connectors/servicenow/SysApprovalApprover$Fields.class], file [/Users/chawlar/workspace/watson/watson_ga/connectors-workspace-one/connectors/servicenow/target/classes/com/vmware/connectors/servicenow/SysApprovalApprover$States.class], file [/Users/chawlar/workspace/watson/watson_ga/connectors-workspace-one/connectors/servicenow/target/classes/com/vmware/connectors/servicenow/SysApprovalApprover.class], file [/Users/chawlar/workspace/watson/watson_ga/connectors-workspace-one/connectors/servicenow/target/classes/com/vmware/connectors/servicenow/SysUser$Fields.class], file [/Users/chawlar/workspace/watson/watson_ga/connectors-workspace-one/connectors/servicenow/target/classes/com/vmware/connectors/servicenow/SysUser.class], file [/Users/chawlar/workspace/watson/watson_ga/connectors-workspace-one/connectors/servicenow/target/classes/com/vmware/connectors/servicenow/TaskKey.class]]
09:04:20.996 [main] DEBUG org.springframework.context.annotation.ClassPathScanningCandidateComponentProvider - Identified candidate component class: file [/Users/chawlar/workspace/watson/watson_ga/connectors-workspace-one/connectors/servicenow/target/classes/com/vmware/connectors/servicenow/ServiceNowConnectorApplication.class]
09:04:21.023 [main] INFO org.springframework.boot.test.context.SpringBootTestContextBootstrapper - Found @SpringBootConfiguration com.vmware.connectors.servicenow.ServiceNowConnectorApplication for test class com.vmware.connectors.servicenow.ServiceNowControllerTest
09:04:21.427 [main] DEBUG org.springframework.boot.test.context.SpringBootTestContextBootstrapper - @TestExecutionListeners is not present for class [com.vmware.connectors.servicenow.ServiceNowControllerTest]: using defaults.
09:04:21.428 [main] INFO org.springframework.boot.test.context.SpringBootTestContextBootstrapper - Loaded default TestExecutionListener class names from location [META-INF/spring.factories]: [org.springframework.boot.test.mock.mockito.MockitoTestExecutionListener, org.springframework.boot.test.mock.mockito.ResetMocksTestExecutionListener, org.springframework.boot.test.autoconfigure.restdocs.RestDocsTestExecutionListener, org.springframework.boot.test.autoconfigure.web.client.MockRestServiceServerResetTestExecutionListener, org.springframework.boot.test.autoconfigure.web.servlet.MockMvcPrintOnlyOnFailureTestExecutionListener, org.springframework.boot.test.autoconfigure.web.servlet.WebDriverTestExecutionListener, org.springframework.test.context.web.ServletTestExecutionListener, org.springframework.test.context.support.DirtiesContextBeforeModesTestExecutionListener, org.springframework.test.context.support.DependencyInjectionTestExecutionListener, org.springframework.test.context.support.DirtiesContextTestExecutionListener, org.springframework.test.context.transaction.TransactionalTestExecutionListener, org.springframework.test.context.jdbc.SqlScriptsTestExecutionListener]
09:04:21.455 [main] DEBUG org.springframework.boot.test.context.SpringBootTestContextBootstrapper - Skipping candidate TestExecutionListener [org.springframework.test.context.transaction.TransactionalTestExecutionListener] due to a missing dependency. Specify custom listener classes or make the default listener classes and their required dependencies available. Offending class: [org/springframework/transaction/interceptor/TransactionAttributeSource]
09:04:21.456 [main] DEBUG org.springframework.boot.test.context.SpringBootTestContextBootstrapper - Skipping candidate TestExecutionListener [org.springframework.test.context.jdbc.SqlScriptsTestExecutionListener] due to a missing dependency. Specify custom listener classes or make the default listener classes and their required dependencies available. Offending class: [org/springframework/transaction/interceptor/TransactionAttribute]
09:04:21.456 [main] INFO org.springframework.boot.test.context.SpringBootTestContextBootstrapper - Using TestExecutionListeners: [org.springframework.test.context.web.ServletTestExecutionListener@10553a61, org.springframework.test.context.support.DirtiesContextBeforeModesTestExecutionListener@3c8e4a82, org.springframework.boot.test.mock.mockito.MockitoTestExecutionListener@1896299b, org.springframework.boot.test.autoconfigure.SpringBootDependencyInjectionTestExecutionListener@42d7e8bc, org.springframework.test.context.support.DirtiesContextTestExecutionListener@7b6854b5, org.springframework.boot.test.mock.mockito.ResetMocksTestExecutionListener@357cdb00, org.springframework.boot.test.autoconfigure.restdocs.RestDocsTestExecutionListener@1c0fe6c5, org.springframework.boot.test.autoconfigure.web.client.MockRestServiceServerResetTestExecutionListener@61607ff0, org.springframework.boot.test.autoconfigure.web.servlet.MockMvcPrintOnlyOnFailureTestExecutionListener@58945295, org.springframework.boot.test.autoconfigure.web.servlet.WebDriverTestExecutionListener@b63365c]
09:04:21.463 [main] DEBUG org.springframework.test.context.support.AbstractDirtiesContextTestExecutionListener - Before test class: context [DefaultTestContext@5c03eb4e testClass = ServiceNowControllerTest, testInstance = [null], testMethod = [null], testException = [null], mergedContextConfiguration = [WebMergedContextConfiguration@6219006a testClass = ServiceNowControllerTest, locations = '{}', classes = '{class com.vmware.connectors.servicenow.ServiceNowConnectorApplication}', contextInitializerClasses = '[]', activeProfiles = '{}', propertySourceLocations = '{classpath:application-test.properties}', propertySourceProperties = '{org.springframework.boot.test.context.SpringBootTestContextBootstrapper=true, server.port=0}', contextCustomizers = set[[ImportsContextCustomizer@1e836aed key = [com.vmware.connectors.test.JwtUtils]], org.springframework.boot.test.context.filter.ExcludeFilterContextCustomizer@6889f56f, org.springframework.boot.test.json.DuplicateJsonObjectContextCustomizerFactory$DuplicateJsonObjectContextCustomizer@b022551, org.springframework.boot.test.mock.mockito.MockitoContextCustomizer@0, org.springframework.boot.test.web.client.TestRestTemplateContextCustomizer@7781263c, org.springframework.boot.test.web.reactive.server.WebTestClientContextCustomizer@10817f46, org.springframework.boot.test.autoconfigure.properties.PropertyMappingContextCustomizer@0, org.springframework.boot.test.autoconfigure.web.servlet.WebDriverContextCustomizerFactory$Customizer@289f15e9], resourceBasePath = 'src/main/webapp', contextLoader = 'org.springframework.boot.test.context.SpringBootContextLoader', parent = [null]], attributes = map['org.springframework.test.context.web.ServletTestExecutionListener.activateListener' -> false]], class annotated with @DirtiesContext [false] with mode [null].
09:04:22.348 [main] DEBUG org.springframework.test.context.support.DependencyInjectionTestExecutionListener - Performing dependency injection for test context [[DefaultTestContext@5c03eb4e testClass = ServiceNowControllerTest, testInstance = com.vmware.connectors.servicenow.ServiceNowControllerTest@74ee8f57, testMethod = [null], testException = [null], mergedContextConfiguration = [WebMergedContextConfiguration@6219006a testClass = ServiceNowControllerTest, locations = '{}', classes = '{class com.vmware.connectors.servicenow.ServiceNowConnectorApplication}', contextInitializerClasses = '[]', activeProfiles = '{}', propertySourceLocations = '{classpath:application-test.properties}', propertySourceProperties = '{org.springframework.boot.test.context.SpringBootTestContextBootstrapper=true, server.port=0}', contextCustomizers = set[[ImportsContextCustomizer@1e836aed key = [com.vmware.connectors.test.JwtUtils]], org.springframework.boot.test.context.filter.ExcludeFilterContextCustomizer@6889f56f, org.springframework.boot.test.json.DuplicateJsonObjectContextCustomizerFactory$DuplicateJsonObjectContextCustomizer@b022551, org.springframework.boot.test.mock.mockito.MockitoContextCustomizer@0, org.springframework.boot.test.web.client.TestRestTemplateContextCustomizer@7781263c, org.springframework.boot.test.web.reactive.server.WebTestClientContextCustomizer@10817f46, org.springframework.boot.test.autoconfigure.properties.PropertyMappingContextCustomizer@0, org.springframework.boot.test.autoconfigure.web.servlet.WebDriverContextCustomizerFactory$Customizer@289f15e9], resourceBasePath = 'src/main/webapp', contextLoader = 'org.springframework.boot.test.context.SpringBootContextLoader', parent = [null]], attributes = map['org.springframework.test.context.web.ServletTestExecutionListener.activateListener' -> false]]].
09:04:22.387 [main] DEBUG org.springframework.core.env.StandardEnvironment - Adding PropertySource 'systemProperties' with lowest search precedence
09:04:22.387 [main] DEBUG org.springframework.core.env.StandardEnvironment - Adding PropertySource 'systemEnvironment' with lowest search precedence
09:04:22.387 [main] DEBUG org.springframework.core.env.StandardEnvironment - Initialized StandardEnvironment with PropertySources [MapPropertySource@21707126 {name='systemProperties', properties={gopherProxySet=false, awt.toolkit=sun.lwawt.macosx.LWCToolkit, java.specification.version=10, file.encoding.pkg=sun.io, sun.cpu.isalist=, sun.jnu.encoding=UTF-8, java.class.path=/Users/chawlar/workspace/watson/watson_ga/connectors-workspace-one/connectors/servicenow/target/test-classes:/Users/chawlar/workspace/watson/watson_ga/connectors-workspace-one/connectors/servicenow/target/classes:/Users/chawlar/.m2/repository/com/sun/activation/javax.activation/1.2.0/javax.activation-1.2.0.jar:/Users/chawlar/.m2/repository/javax/xml/bind/jaxb-api/2.3.0/jaxb-api-2.3.0.jar:/Users/chawlar/.m2/repository/com/sun/xml/bind/jaxb-impl/2.3.0.1/jaxb-impl-2.3.0.1.jar:/Users/chawlar/.m2/repository/com/sun/xml/bind/jaxb-core/2.3.0.1/jaxb-core-2.3.0.1.jar:/Users/chawlar/.m2/repository/org/springframework/boot/spring-boot-starter-actuator/2.0.5.RELEASE/spring-boot-starter-actuator-2.0.5.RELEASE.jar:/Users/chawlar/.m2/repository/org/springframework/boot/spring-boot-starter/2.0.5.RELEASE/spring-boot-starter-2.0.5.RELEASE.jar:/Users/chawlar/.m2/repository/org/springframework/boot/spring-boot/2.0.5.RELEASE/spring-boot-2.0.5.RELEASE.jar:/Users/chawlar/.m2/repository/org/springframework/boot/spring-boot-autoconfigure/2.0.5.RELEASE/spring-boot-autoconfigure-2.0.5.RELEASE.jar:/Users/chawlar/.m2/repository/org/springframework/boot/spring-boot-starter-logging/2.0.5.RELEASE/spring-boot-starter-logging-2.0.5.RELEASE.jar:/Users/chawlar/.m2/repository/ch/qos/logback/logback-classic/1.2.3/logback-classic-1.2.3.jar:/Users/chawlar/.m2/repository/ch/qos/logback/logback-core/1.2.3/logback-core-1.2.3.jar:/Users/chawlar/.m2/repository/org/apache/logging/log4j/log4j-to-slf4j/2.10.0/log4j-to-slf4j-2.10.0.jar:/Users/chawlar/.m2/repository/org/apache/logging/log4j/log4j-api/2.10.0/log4j-api-2.10.0.jar:/Users/chawlar/.m2/repository/org/slf4j/jul-to-slf4j/1.7.25/jul-to-slf4j-1.7.25.jar:/Users/chawlar/.m2/repository/javax/annotation/javax.annotation-api/1.3.2/javax.annotation-api-1.3.2.jar:/Users/chawlar/.m2/repository/org/springframework/spring-core/5.0.9.RELEASE/spring-core-5.0.9.RELEASE.jar:/Users/chawlar/.m2/repository/org/springframework/spring-jcl/5.0.9.RELEASE/spring-jcl-5.0.9.RELEASE.jar:/Users/chawlar/.m2/repository/org/yaml/snakeyaml/1.19/snakeyaml-1.19.jar:/Users/chawlar/.m2/repository/org/springframework/boot/spring-boot-actuator-autoconfigure/2.0.5.RELEASE/spring-boot-actuator-autoconfigure-2.0.5.RELEASE.jar:/Users/chawlar/.m2/repository/org/springframework/boot/spring-boot-actuator/2.0.5.RELEASE/spring-boot-actuator-2.0.5.RELEASE.jar:/Users/chawlar/.m2/repository/com/fasterxml/jackson/core/jackson-databind/2.9.6/jackson-databind-2.9.6.jar:/Users/chawlar/.m2/repository/io/micrometer/micrometer-core/1.0.6/micrometer-core-1.0.6.jar:/Users/chawlar/.m2/repository/org/hdrhistogram/HdrHistogram/2.1.10/HdrHistogram-2.1.10.jar:/Users/chawlar/.m2/repository/org/latencyutils/LatencyUtils/2.0.3/LatencyUtils-2.0.3.jar:/Users/chawlar/workspace/watson/watson_ga/connectors-workspace-one/common/core/target/core-2.2-SNAPSHOT.jar:/Users/chawlar/.m2/repository/io/projectreactor/reactor-core/3.1.9.RELEASE/reactor-core-3.1.9.RELEASE.jar:/Users/chawlar/.m2/repository/org/reactivestreams/reactive-streams/1.0.2/reactive-streams-1.0.2.jar:/Users/chawlar/.m2/repository/org/springframework/spring-webflux/5.0.9.RELEASE/spring-webflux-5.0.9.RELEASE.jar:/Users/chawlar/.m2/repository/org/springframework/spring-web/5.0.9.RELEASE/spring-web-5.0.9.RELEASE.jar:/Users/chawlar/.m2/repository/org/apache/commons/commons-lang3/3.8/commons-lang3-3.8.jar:/Users/chawlar/.m2/repository/commons-io/commons-io/2.6/commons-io-2.6.jar:/Users/chawlar/.m2/repository/org/springframework/hateoas/spring-hateoas/0.25.0.RELEASE/spring-hateoas-0.25.0.RELEASE.jar:/Users/chawlar/.m2/repository/org/springframework/spring-webmvc/5.0.9.RELEASE/spring-webmvc-5.0.9.RELEASE.jar:/Users/chawlar/.m2/repository/org/springframework/boot/spring-boot-starter-web/2.0.5.RELEASE/spring-boot-starter-web-2.0.5.RELEASE.jar:/Users/chawlar/.m2/repository/org/springframework/boot/spring-boot-starter-json/2.0.5.RELEASE/spring-boot-starter-json-2.0.5.RELEASE.jar:/Users/chawlar/.m2/repository/com/fasterxml/jackson/datatype/jackson-datatype-jdk8/2.9.6/jackson-datatype-jdk8-2.9.6.jar:/Users/chawlar/.m2/repository/com/fasterxml/jackson/module/jackson-module-parameter-names/2.9.6/jackson-module-parameter-names-2.9.6.jar:/Users/chawlar/.m2/repository/org/springframework/boot/spring-boot-starter-tomcat/2.0.5.RELEASE/spring-boot-starter-tomcat-2.0.5.RELEASE.jar:/Users/chawlar/.m2/repository/org/apache/tomcat/embed/tomcat-embed-core/8.5.34/tomcat-embed-core-8.5.34.jar:/Users/chawlar/.m2/repository/org/apache/tomcat/embed/tomcat-embed-el/8.5.34/tomcat-embed-el-8.5.34.jar:/Users/chawlar/.m2/repository/org/apache/tomcat/embed/tomcat-embed-websocket/8.5.34/tomcat-embed-websocket-8.5.34.jar:/Users/chawlar/.m2/repository/org/hibernate/validator/hibernate-validator/6.0.12.Final/hibernate-validator-6.0.12.Final.jar:/Users/chawlar/.m2/repository/javax/validation/validation-api/2.0.1.Final/validation-api-2.0.1.Final.jar:/Users/chawlar/.m2/repository/org/jboss/logging/jboss-logging/3.3.2.Final/jboss-logging-3.3.2.Final.jar:/Users/chawlar/.m2/repository/com/fasterxml/classmate/1.3.4/classmate-1.3.4.jar:/Users/chawlar/.m2/repository/org/springframework/boot/spring-boot-starter-security/2.0.5.RELEASE/spring-boot-starter-security-2.0.5.RELEASE.jar:/Users/chawlar/.m2/repository/org/springframework/security/spring-security-config/5.0.8.RELEASE/spring-security-config-5.0.8.RELEASE.jar:/Users/chawlar/.m2/repository/org/springframework/security/spring-security-core/5.0.8.RELEASE/spring-security-core-5.0.8.RELEASE.jar:/Users/chawlar/.m2/repository/org/springframework/security/spring-security-web/5.0.8.RELEASE/spring-security-web-5.0.8.RELEASE.jar:/Users/chawlar/.m2/repository/org/springframework/security/oauth/boot/spring-security-oauth2-autoconfigure/2.0.5.RELEASE/spring-security-oauth2-autoconfigure-2.0.5.RELEASE.jar:/Users/chawlar/.m2/repository/com/fasterxml/jackson/core/jackson-annotations/2.9.0/jackson-annotations-2.9.0.jar:/Users/chawlar/.m2/repository/org/springframework/security/oauth/spring-security-oauth2/2.2.2.RELEASE/spring-security-oauth2-2.2.2.RELEASE.jar:/Users/chawlar/.m2/repository/commons-codec/commons-codec/1.11/commons-codec-1.11.jar:/Users/chawlar/.m2/repository/org/codehaus/jackson/jackson-mapper-asl/1.9.13/jackson-mapper-asl-1.9.13.jar:/Users/chawlar/.m2/repository/org/codehaus/jackson/jackson-core-asl/1.9.13/jackson-core-asl-1.9.13.jar:/Users/chawlar/.m2/repository/org/springframework/security/spring-security-jwt/1.0.9.RELEASE/spring-security-jwt-1.0.9.RELEASE.jar:/Users/chawlar/.m2/repository/org/bouncycastle/bcpkix-jdk15on/1.56/bcpkix-jdk15on-1.56.jar:/Users/chawlar/.m2/repository/org/bouncycastle/bcprov-jdk15on/1.56/bcprov-jdk15on-1.56.jar:/Users/chawlar/.m2/repository/com/jayway/jsonpath/json-path/2.4.0/json-path-2.4.0.jar:/Users/chawlar/.m2/repository/net/minidev/json-smart/2.3/json-smart-2.3.jar:/Users/chawlar/.m2/repository/net/minidev/accessors-smart/1.2/accessors-smart-1.2.jar:/Users/chawlar/.m2/repository/org/ow2/asm/asm/5.0.4/asm-5.0.4.jar:/Users/chawlar/.m2/repository/com/fasterxml/jackson/datatype/jackson-datatype-jsr310/2.9.6/jackson-datatype-jsr310-2.9.6.jar:/Users/chawlar/.m2/repository/com/fasterxml/jackson/core/jackson-core/2.9.6/jackson-core-2.9.6.jar:/Users/chawlar/.m2/repository/com/google/guava/guava/26.0-jre/guava-26.0-jre.jar:/Users/chawlar/.m2/repository/com/google/code/findbugs/jsr305/3.0.2/jsr305-3.0.2.jar:/Users/chawlar/.m2/repository/org/checkerframework/checker-qual/2.5.2/checker-qual-2.5.2.jar:/Users/chawlar/.m2/repository/com/google/errorprone/error_prone_annotations/2.1.3/error_prone_annotations-2.1.3.jar:/Users/chawlar/.m2/repository/com/google/j2objc/j2objc-annotations/1.1/j2objc-annotations-1.1.jar:/Users/chawlar/.m2/repository/org/codehaus/mojo/animal-sniffer-annotations/1.14/animal-sniffer-annotations-1.14.jar:/Users/chawlar/workspace/watson/watson_ga/connectors-workspace-one/common/core-test/target/core-test-2.2-SNAPSHOT.jar:/Users/chawlar/.m2/repository/org/springframework/boot/spring-boot-starter-test/2.0.5.RELEASE/spring-boot-starter-test-2.0.5.RELEASE.jar:/Users/chawlar/.m2/repository/org/springframework/boot/spring-boot-test/2.0.5.RELEASE/spring-boot-test-2.0.5.RELEASE.jar:/Users/chawlar/.m2/repository/org/springframework/boot/spring-boot-test-autoconfigure/2.0.5.RELEASE/spring-boot-test-autoconfigure-2.0.5.RELEASE.jar:/Users/chawlar/.m2/repository/junit/junit/4.12/junit-4.12.jar:/Users/chawlar/.m2/repository/org/assertj/assertj-core/3.9.1/assertj-core-3.9.1.jar:/Users/chawlar/.m2/repository/org/mockito/mockito-core/2.22.0/mockito-core-2.22.0.jar:/Users/chawlar/.m2/repository/net/bytebuddy/byte-buddy/1.7.11/byte-buddy-1.7.11.jar:/Users/chawlar/.m2/repository/net/bytebuddy/byte-buddy-agent/1.7.11/byte-buddy-agent-1.7.11.jar:/Users/chawlar/.m2/repository/org/objenesis/objenesis/2.6/objenesis-2.6.jar:/Users/chawlar/.m2/repository/org/hamcrest/hamcrest-core/1.3/hamcrest-core-1.3.jar:/Users/chawlar/.m2/repository/org/hamcrest/hamcrest-library/1.3/hamcrest-library-1.3.jar:/Users/chawlar/.m2/repository/org/skyscreamer/jsonassert/1.5.0/jsonassert-1.5.0.jar:/Users/chawlar/.m2/repository/com/vaadin/external/google/android-json/0.0.20131108.vaadin1/android-json-0.0.20131108.vaadin1.jar:/Users/chawlar/.m2/repository/org/springframework/spring-test/5.0.9.RELEASE/spring-test-5.0.9.RELEASE.jar:/Users/chawlar/.m2/repository/org/xmlunit/xmlunit-core/2.5.1/xmlunit-core-2.5.1.jar:/Users/chawlar/.m2/repository/org/junit/jupiter/junit-jupiter-api/5.3.1/junit-jupiter-api-5.3.1.jar:/Users/chawlar/.m2/repository/org/opentest4j/opentest4j/1.1.1/opentest4j-1.1.1.jar:/Users/chawlar/.m2/repository/org/junit/platform/junit-platform-commons/1.3.1/junit-platform-commons-1.3.1.jar:/Users/chawlar/.m2/repository/com/github/fge/json-schema-core/1.2.5/json-schema-core-1.2.5.jar:/Users/chawlar/.m2/repository/com/github/fge/uri-template/0.9/uri-template-0.9.jar:/Users/chawlar/.m2/repository/com/github/fge/msg-simple/1.1/msg-simple-1.1.jar:/Users/chawlar/.m2/repository/com/github/fge/btf/1.2/btf-1.2.jar:/Users/chawlar/.m2/repository/com/github/fge/jackson-coreutils/1.8/jackson-coreutils-1.8.jar:/Users/chawlar/.m2/repository/org/mozilla/rhino/1.7R4/rhino-1.7R4.jar:/Users/chawlar/.m2/repository/com/github/fge/json-schema-validator/2.2.6/json-schema-validator-2.2.6.jar:/Users/chawlar/.m2/repository/joda-time/joda-time/2.9.9/joda-time-2.9.9.jar:/Users/chawlar/.m2/repository/com/googlecode/libphonenumber/libphonenumber/6.2/libphonenumber-6.2.jar:/Users/chawlar/.m2/repository/javax/mail/mailapi/1.4.3/mailapi-1.4.3.jar:/Users/chawlar/.m2/repository/javax/activation/activation/1.1/activation-1.1.jar:/Users/chawlar/.m2/repository/net/sf/jopt-simple/jopt-simple/4.6/jopt-simple-4.6.jar:/Users/chawlar/.m2/repository/uk/co/datumedge/hamcrest-json/0.2/hamcrest-json-0.2.jar:/Users/chawlar/.m2/repository/com/squareup/okhttp3/mockwebserver/3.11.0/mockwebserver-3.11.0.jar:/Users/chawlar/.m2/repository/com/squareup/okhttp3/okhttp/3.11.0/okhttp-3.11.0.jar:/Users/chawlar/.m2/repository/com/squareup/okio/okio/1.14.0/okio-1.14.0.jar:/Users/chawlar/.m2/repository/org/junit/jupiter/junit-jupiter-engine/5.3.0/junit-jupiter-engine-5.3.0.jar:/Users/chawlar/.m2/repository/org/junit/platform/junit-platform-engine/1.3.0/junit-platform-engine-1.3.0.jar:/Users/chawlar/workspace/watson/watson_ga/connectors-workspace-one/common/connectors-config/target/connectors-config-2.2-SNAPSHOT.jar:/Users/chawlar/.m2/repository/org/springframework/boot/spring-boot-starter-webflux/2.0.5.RELEASE/spring-boot-starter-webflux-2.0.5.RELEASE.jar:/Users/chawlar/.m2/repository/org/springframework/boot/spring-boot-starter-reactor-netty/2.0.5.RELEASE/spring-boot-starter-reactor-netty-2.0.5.RELEASE.jar:/Users/chawlar/.m2/repository/io/projectreactor/ipc/reactor-netty/0.7.9.RELEASE/reactor-netty-0.7.9.RELEASE.jar:/Users/chawlar/.m2/repository/io/netty/netty-codec-http/4.1.29.Final/netty-codec-http-4.1.29.Final.jar:/Users/chawlar/.m2/repository/io/netty/netty-codec/4.1.29.Final/netty-codec-4.1.29.Final.jar:/Users/chawlar/.m2/repository/io/netty/netty-handler/4.1.29.Final/netty-handler-4.1.29.Final.jar:/Users/chawlar/.m2/repository/io/netty/netty-buffer/4.1.29.Final/netty-buffer-4.1.29.Final.jar:/Users/chawlar/.m2/repository/io/netty/netty-transport/4.1.29.Final/netty-transport-4.1.29.Final.jar:/Users/chawlar/.m2/repository/io/netty/netty-resolver/4.1.29.Final/netty-resolver-4.1.29.Final.jar:/Users/chawlar/.m2/repository/io/netty/netty-handler-proxy/4.1.29.Final/netty-handler-proxy-4.1.29.Final.jar:/Users/chawlar/.m2/repository/io/netty/netty-codec-socks/4.1.29.Final/netty-codec-socks-4.1.29.Final.jar:/Users/chawlar/.m2/repository/io/netty/netty-transport-native-epoll/4.1.29.Final/netty-transport-native-epoll-4.1.29.Final-linux-x86_64.jar:/Users/chawlar/.m2/repository/io/netty/netty-common/4.1.29.Final/netty-common-4.1.29.Final.jar:/Users/chawlar/.m2/repository/io/netty/netty-transport-native-unix-common/4.1.29.Final/netty-transport-native-unix-common-4.1.29.Final.jar:/Users/chawlar/.m2/repository/org/synchronoss/cloud/nio-multipart-parser/1.1.0/nio-multipart-parser-1.1.0.jar:/Users/chawlar/.m2/repository/org/synchronoss/cloud/nio-stream-storage/1.1.3/nio-stream-storage-1.1.3.jar:/Users/chawlar/.m2/repository/org/springframework/boot/spring-boot-starter-hateoas/2.0.5.RELEASE/spring-boot-starter-hateoas-2.0.5.RELEASE.jar:/Users/chawlar/workspace/watson/watson_ga/connectors-workspace-one/common/connectors-test/target/connectors-test-2.2-SNAPSHOT.jar:/Users/chawlar/.m2/repository/io/jsonwebtoken/jjwt/0.9.1/jjwt-0.9.1.jar:/Users/chawlar/.m2/repository/org/springframework/plugin/spring-plugin-core/1.2.0.RELEASE/spring-plugin-core-1.2.0.RELEASE.jar:/Users/chawlar/.m2/repository/org/springframework/spring-beans/5.0.9.RELEASE/spring-beans-5.0.9.RELEASE.jar:/Users/chawlar/.m2/repository/org/springframework/spring-context/5.0.9.RELEASE/spring-context-5.0.9.RELEASE.jar:/Users/chawlar/.m2/repository/org/springframework/spring-expression/5.0.9.RELEASE/spring-expression-5.0.9.RELEASE.jar:/Users/chawlar/.m2/repository/org/springframework/spring-aop/5.0.9.RELEASE/spring-aop-5.0.9.RELEASE.jar:/Users/chawlar/.m2/repository/org/slf4j/slf4j-api/1.7.25/slf4j-api-1.7.25.jar:/Users/chawlar/.m2/repository/org/junit/jupiter/junit-jupiter-params/5.3.1/junit-jupiter-params-5.3.1.jar:/Users/chawlar/.m2/repository/org/apiguardian/apiguardian-api/1.0.0/apiguardian-api-1.0.0.jar:, java.vm.vendor="Oracle Corporation", sun.arch.data.model=64, java.vendor.url=http://java.oracle.com/, user.timezone=America/New_York, os.name=Mac OS X, java.vm.specification.version=10, sun.java.launcher=SUN_STANDARD, user.country=US, sun.boot.library.path=/Library/Java/JavaVirtualMachines/jdk-10.0.2.jdk/Contents/Home/lib, sun.java.command=/Users/chawlar/workspace/watson/watson_ga/connectors-workspace-one/connectors/servicenow/target/surefire/surefirebooter15111178962815392132.jar /Users/chawlar/workspace/watson/watson_ga/connectors-workspace-one/connectors/servicenow/target/surefire 2019-02-05T09-04-02_956-jvmRun1 surefire11580174146291394693tmp surefire_14200608525910406523tmp, jdk.debug=release, surefire.test.class.path=/Users/chawlar/workspace/watson/watson_ga/connectors-workspace-one/connectors/servicenow/target/test-classes:/Users/chawlar/workspace/watson/watson_ga/connectors-workspace-one/connectors/servicenow/target/classes:/Users/chawlar/.m2/repository/com/sun/activation/javax.activation/1.2.0/javax.activation-1.2.0.jar:/Users/chawlar/.m2/repository/javax/xml/bind/jaxb-api/2.3.0/jaxb-api-2.3.0.jar:/Users/chawlar/.m2/repository/com/sun/xml/bind/jaxb-impl/2.3.0.1/jaxb-impl-2.3.0.1.jar:/Users/chawlar/.m2/repository/com/sun/xml/bind/jaxb-core/2.3.0.1/jaxb-core-2.3.0.1.jar:/Users/chawlar/.m2/repository/org/springframework/boot/spring-boot-starter-actuator/2.0.5.RELEASE/spring-boot-starter-actuator-2.0.5.RELEASE.jar:/Users/chawlar/.m2/repository/org/springframework/boot/spring-boot-starter/2.0.5.RELEASE/spring-boot-starter-2.0.5.RELEASE.jar:/Users/chawlar/.m2/repository/org/springframework/boot/spring-boot/2.0.5.RELEASE/spring-boot-2.0.5.RELEASE.jar:/Users/chawlar/.m2/repository/org/springframework/boot/spring-boot-autoconfigure/2.0.5.RELEASE/spring-boot-autoconfigure-2.0.5.RELEASE.jar:/Users/chawlar/.m2/repository/org/springframework/boot/spring-boot-starter-logging/2.0.5.RELEASE/spring-boot-starter-logging-2.0.5.RELEASE.jar:/Users/chawlar/.m2/repository/ch/qos/logback/logback-classic/1.2.3/logback-classic-1.2.3.jar:/Users/chawlar/.m2/repository/ch/qos/logback/logback-core/1.2.3/logback-core-1.2.3.jar:/Users/chawlar/.m2/repository/org/apache/logging/log4j/log4j-to-slf4j/2.10.0/log4j-to-slf4j-2.10.0.jar:/Users/chawlar/.m2/repository/org/apache/logging/log4j/log4j-api/2.10.0/log4j-api-2.10.0.jar:/Users/chawlar/.m2/repository/org/slf4j/jul-to-slf4j/1.7.25/jul-to-slf4j-1.7.25.jar:/Users/chawlar/.m2/repository/javax/annotation/javax.annotation-api/1.3.2/javax.annotation-api-1.3.2.jar:/Users/chawlar/.m2/repository/org/springframework/spring-core/5.0.9.RELEASE/spring-core-5.0.9.RELEASE.jar:/Users/chawlar/.m2/repository/org/springframework/spring-jcl/5.0.9.RELEASE/spring-jcl-5.0.9.RELEASE.jar:/Users/chawlar/.m2/repository/org/yaml/snakeyaml/1.19/snakeyaml-1.19.jar:/Users/chawlar/.m2/repository/org/springframework/boot/spring-boot-actuator-autoconfigure/2.0.5.RELEASE/spring-boot-actuator-autoconfigure-2.0.5.RELEASE.jar:/Users/chawlar/.m2/repository/org/springframework/boot/spring-boot-actuator/2.0.5.RELEASE/spring-boot-actuator-2.0.5.RELEASE.jar:/Users/chawlar/.m2/repository/com/fasterxml/jackson/core/jackson-databind/2.9.6/jackson-databind-2.9.6.jar:/Users/chawlar/.m2/repository/io/micrometer/micrometer-core/1.0.6/micrometer-core-1.0.6.jar:/Users/chawlar/.m2/repository/org/hdrhistogram/HdrHistogram/2.1.10/HdrHistogram-2.1.10.jar:/Users/chawlar/.m2/repository/org/latencyutils/LatencyUtils/2.0.3/LatencyUtils-2.0.3.jar:/Users/chawlar/workspace/watson/watson_ga/connectors-workspace-one/common/core/target/core-2.2-SNAPSHOT.jar:/Users/chawlar/.m2/repository/io/projectreactor/reactor-core/3.1.9.RELEASE/reactor-core-3.1.9.RELEASE.jar:/Users/chawlar/.m2/repository/org/reactivestreams/reactive-streams/1.0.2/reactive-streams-1.0.2.jar:/Users/chawlar/.m2/repository/org/springframework/spring-webflux/5.0.9.RELEASE/spring-webflux-5.0.9.RELEASE.jar:/Users/chawlar/.m2/repository/org/springframework/spring-web/5.0.9.RELEASE/spring-web-5.0.9.RELEASE.jar:/Users/chawlar/.m2/repository/org/apache/commons/commons-lang3/3.8/commons-lang3-3.8.jar:/Users/chawlar/.m2/repository/commons-io/commons-io/2.6/commons-io-2.6.jar:/Users/chawlar/.m2/repository/org/springframework/hateoas/spring-hateoas/0.25.0.RELEASE/spring-hateoas-0.25.0.RELEASE.jar:/Users/chawlar/.m2/repository/org/springframework/spring-webmvc/5.0.9.RELEASE/spring-webmvc-5.0.9.RELEASE.jar:/Users/chawlar/.m2/repository/org/springframework/boot/spring-boot-starter-web/2.0.5.RELEASE/spring-boot-starter-web-2.0.5.RELEASE.jar:/Users/chawlar/.m2/repository/org/springframework/boot/spring-boot-starter-json/2.0.5.RELEASE/spring-boot-starter-json-2.0.5.RELEASE.jar:/Users/chawlar/.m2/repository/com/fasterxml/jackson/datatype/jackson-datatype-jdk8/2.9.6/jackson-datatype-jdk8-2.9.6.jar:/Users/chawlar/.m2/repository/com/fasterxml/jackson/module/jackson-module-parameter-names/2.9.6/jackson-module-parameter-names-2.9.6.jar:/Users/chawlar/.m2/repository/org/springframework/boot/spring-boot-starter-tomcat/2.0.5.RELEASE/spring-boot-starter-tomcat-2.0.5.RELEASE.jar:/Users/chawlar/.m2/repository/org/apache/tomcat/embed/tomcat-embed-core/8.5.34/tomcat-embed-core-8.5.34.jar:/Users/chawlar/.m2/repository/org/apache/tomcat/embed/tomcat-embed-el/8.5.34/tomcat-embed-el-8.5.34.jar:/Users/chawlar/.m2/repository/org/apache/tomcat/embed/tomcat-embed-websocket/8.5.34/tomcat-embed-websocket-8.5.34.jar:/Users/chawlar/.m2/repository/org/hibernate/validator/hibernate-validator/6.0.12.Final/hibernate-validator-6.0.12.Final.jar:/Users/chawlar/.m2/repository/javax/validation/validation-api/2.0.1.Final/validation-api-2.0.1.Final.jar:/Users/chawlar/.m2/repository/org/jboss/logging/jboss-logging/3.3.2.Final/jboss-logging-3.3.2.Final.jar:/Users/chawlar/.m2/repository/com/fasterxml/classmate/1.3.4/classmate-1.3.4.jar:/Users/chawlar/.m2/repository/org/springframework/boot/spring-boot-starter-security/2.0.5.RELEASE/spring-boot-starter-security-2.0.5.RELEASE.jar:/Users/chawlar/.m2/repository/org/springframework/security/spring-security-config/5.0.8.RELEASE/spring-security-config-5.0.8.RELEASE.jar:/Users/chawlar/.m2/repository/org/springframework/security/spring-security-core/5.0.8.RELEASE/spring-security-core-5.0.8.RELEASE.jar:/Users/chawlar/.m2/repository/org/springframework/security/spring-security-web/5.0.8.RELEASE/spring-security-web-5.0.8.RELEASE.jar:/Users/chawlar/.m2/repository/org/springframework/security/oauth/boot/spring-security-oauth2-autoconfigure/2.0.5.RELEASE/spring-security-oauth2-autoconfigure-2.0.5.RELEASE.jar:/Users/chawlar/.m2/repository/com/fasterxml/jackson/core/jackson-annotations/2.9.0/jackson-annotations-2.9.0.jar:/Users/chawlar/.m2/repository/org/springframework/security/oauth/spring-security-oauth2/2.2.2.RELEASE/spring-security-oauth2-2.2.2.RELEASE.jar:/Users/chawlar/.m2/repository/commons-codec/commons-codec/1.11/commons-codec-1.11.jar:/Users/chawlar/.m2/repository/org/codehaus/jackson/jackson-mapper-asl/1.9.13/jackson-mapper-asl-1.9.13.jar:/Users/chawlar/.m2/repository/org/codehaus/jackson/jackson-core-asl/1.9.13/jackson-core-asl-1.9.13.jar:/Users/chawlar/.m2/repository/org/springframework/security/spring-security-jwt/1.0.9.RELEASE/spring-security-jwt-1.0.9.RELEASE.jar:/Users/chawlar/.m2/repository/org/bouncycastle/bcpkix-jdk15on/1.56/bcpkix-jdk15on-1.56.jar:/Users/chawlar/.m2/repository/org/bouncycastle/bcprov-jdk15on/1.56/bcprov-jdk15on-1.56.jar:/Users/chawlar/.m2/repository/com/jayway/jsonpath/json-path/2.4.0/json-path-2.4.0.jar:/Users/chawlar/.m2/repository/net/minidev/json-smart/2.3/json-smart-2.3.jar:/Users/chawlar/.m2/repository/net/minidev/accessors-smart/1.2/accessors-smart-1.2.jar:/Users/chawlar/.m2/repository/org/ow2/asm/asm/5.0.4/asm-5.0.4.jar:/Users/chawlar/.m2/repository/com/fasterxml/jackson/datatype/jackson-datatype-jsr310/2.9.6/jackson-datatype-jsr310-2.9.6.jar:/Users/chawlar/.m2/repository/com/fasterxml/jackson/core/jackson-core/2.9.6/jackson-core-2.9.6.jar:/Users/chawlar/.m2/repository/com/google/guava/guava/26.0-jre/guava-26.0-jre.jar:/Users/chawlar/.m2/repository/com/google/code/findbugs/jsr305/3.0.2/jsr305-3.0.2.jar:/Users/chawlar/.m2/repository/org/checkerframework/checker-qual/2.5.2/checker-qual-2.5.2.jar:/Users/chawlar/.m2/repository/com/google/errorprone/error_prone_annotations/2.1.3/error_prone_annotations-2.1.3.jar:/Users/chawlar/.m2/repository/com/google/j2objc/j2objc-annotations/1.1/j2objc-annotations-1.1.jar:/Users/chawlar/.m2/repository/org/codehaus/mojo/animal-sniffer-annotations/1.14/animal-sniffer-annotations-1.14.jar:/Users/chawlar/workspace/watson/watson_ga/connectors-workspace-one/common/core-test/target/core-test-2.2-SNAPSHOT.jar:/Users/chawlar/.m2/repository/org/springframework/boot/spring-boot-starter-test/2.0.5.RELEASE/spring-boot-starter-test-2.0.5.RELEASE.jar:/Users/chawlar/.m2/repository/org/springframework/boot/spring-boot-test/2.0.5.RELEASE/spring-boot-test-2.0.5.RELEASE.jar:/Users/chawlar/.m2/repository/org/springframework/boot/spring-boot-test-autoconfigure/2.0.5.RELEASE/spring-boot-test-autoconfigure-2.0.5.RELEASE.jar:/Users/chawlar/.m2/repository/junit/junit/4.12/junit-4.12.jar:/Users/chawlar/.m2/repository/org/assertj/assertj-core/3.9.1/assertj-core-3.9.1.jar:/Users/chawlar/.m2/repository/org/mockito/mockito-core/2.22.0/mockito-core-2.22.0.jar:/Users/chawlar/.m2/repository/net/bytebuddy/byte-buddy/1.7.11/byte-buddy-1.7.11.jar:/Users/chawlar/.m2/repository/net/bytebuddy/byte-buddy-agent/1.7.11/byte-buddy-agent-1.7.11.jar:/Users/chawlar/.m2/repository/org/objenesis/objenesis/2.6/objenesis-2.6.jar:/Users/chawlar/.m2/repository/org/hamcrest/hamcrest-core/1.3/hamcrest-core-1.3.jar:/Users/chawlar/.m2/repository/org/hamcrest/hamcrest-library/1.3/hamcrest-library-1.3.jar:/Users/chawlar/.m2/repository/org/skyscreamer/jsonassert/1.5.0/jsonassert-1.5.0.jar:/Users/chawlar/.m2/repository/com/vaadin/external/google/android-json/0.0.20131108.vaadin1/android-json-0.0.20131108.vaadin1.jar:/Users/chawlar/.m2/repository/org/springframework/spring-test/5.0.9.RELEASE/spring-test-5.0.9.RELEASE.jar:/Users/chawlar/.m2/repository/org/xmlunit/xmlunit-core/2.5.1/xmlunit-core-2.5.1.jar:/Users/chawlar/.m2/repository/org/junit/jupiter/junit-jupiter-api/5.3.1/junit-jupiter-api-5.3.1.jar:/Users/chawlar/.m2/repository/org/opentest4j/opentest4j/1.1.1/opentest4j-1.1.1.jar:/Users/chawlar/.m2/repository/org/junit/platform/junit-platform-commons/1.3.1/junit-platform-commons-1.3.1.jar:/Users/chawlar/.m2/repository/com/github/fge/json-schema-core/1.2.5/json-schema-core-1.2.5.jar:/Users/chawlar/.m2/repository/com/github/fge/uri-template/0.9/uri-template-0.9.jar:/Users/chawlar/.m2/repository/com/github/fge/msg-simple/1.1/msg-simple-1.1.jar:/Users/chawlar/.m2/repository/com/github/fge/btf/1.2/btf-1.2.jar:/Users/chawlar/.m2/repository/com/github/fge/jackson-coreutils/1.8/jackson-coreutils-1.8.jar:/Users/chawlar/.m2/repository/org/mozilla/rhino/1.7R4/rhino-1.7R4.jar:/Users/chawlar/.m2/repository/com/github/fge/json-schema-validator/2.2.6/json-schema-validator-2.2.6.jar:/Users/chawlar/.m2/repository/joda-time/joda-time/2.9.9/joda-time-2.9.9.jar:/Users/chawlar/.m2/repository/com/googlecode/libphonenumber/libphonenumber/6.2/libphonenumber-6.2.jar:/Users/chawlar/.m2/repository/javax/mail/mailapi/1.4.3/mailapi-1.4.3.jar:/Users/chawlar/.m2/repository/javax/activation/activation/1.1/activation-1.1.jar:/Users/chawlar/.m2/repository/net/sf/jopt-simple/jopt-simple/4.6/jopt-simple-4.6.jar:/Users/chawlar/.m2/repository/uk/co/datumedge/hamcrest-json/0.2/hamcrest-json-0.2.jar:/Users/chawlar/.m2/repository/com/squareup/okhttp3/mockwebserver/3.11.0/mockwebserver-3.11.0.jar:/Users/chawlar/.m2/repository/com/squareup/okhttp3/okhttp/3.11.0/okhttp-3.11.0.jar:/Users/chawlar/.m2/repository/com/squareup/okio/okio/1.14.0/okio-1.14.0.jar:/Users/chawlar/.m2/repository/org/junit/jupiter/junit-jupiter-engine/5.3.0/junit-jupiter-engine-5.3.0.jar:/Users/chawlar/.m2/repository/org/junit/platform/junit-platform-engine/1.3.0/junit-platform-engine-1.3.0.jar:/Users/chawlar/workspace/watson/watson_ga/connectors-workspace-one/common/connectors-config/target/connectors-config-2.2-SNAPSHOT.jar:/Users/chawlar/.m2/repository/org/springframework/boot/spring-boot-starter-webflux/2.0.5.RELEASE/spring-boot-starter-webflux-2.0.5.RELEASE.jar:/Users/chawlar/.m2/repository/org/springframework/boot/spring-boot-starter-reactor-netty/2.0.5.RELEASE/spring-boot-starter-reactor-netty-2.0.5.RELEASE.jar:/Users/chawlar/.m2/repository/io/projectreactor/ipc/reactor-netty/0.7.9.RELEASE/reactor-netty-0.7.9.RELEASE.jar:/Users/chawlar/.m2/repository/io/netty/netty-codec-http/4.1.29.Final/netty-codec-http-4.1.29.Final.jar:/Users/chawlar/.m2/repository/io/netty/netty-codec/4.1.29.Final/netty-codec-4.1.29.Final.jar:/Users/chawlar/.m2/repository/io/netty/netty-handler/4.1.29.Final/netty-handler-4.1.29.Final.jar:/Users/chawlar/.m2/repository/io/netty/netty-buffer/4.1.29.Final/netty-buffer-4.1.29.Final.jar:/Users/chawlar/.m2/repository/io/netty/netty-transport/4.1.29.Final/netty-transport-4.1.29.Final.jar:/Users/chawlar/.m2/repository/io/netty/netty-resolver/4.1.29.Final/netty-resolver-4.1.29.Final.jar:/Users/chawlar/.m2/repository/io/netty/netty-handler-proxy/4.1.29.Final/netty-handler-proxy-4.1.29.Final.jar:/Users/chawlar/.m2/repository/io/netty/netty-codec-socks/4.1.29.Final/netty-codec-socks-4.1.29.Final.jar:/Users/chawlar/.m2/repository/io/netty/netty-transport-native-epoll/4.1.29.Final/netty-transport-native-epoll-4.1.29.Final-linux-x86_64.jar:/Users/chawlar/.m2/repository/io/netty/netty-common/4.1.29.Final/netty-common-4.1.29.Final.jar:/Users/chawlar/.m2/repository/io/netty/netty-transport-native-unix-common/4.1.29.Final/netty-transport-native-unix-common-4.1.29.Final.jar:/Users/chawlar/.m2/repository/org/synchronoss/cloud/nio-multipart-parser/1.1.0/nio-multipart-parser-1.1.0.jar:/Users/chawlar/.m2/repository/org/synchronoss/cloud/nio-stream-storage/1.1.3/nio-stream-storage-1.1.3.jar:/Users/chawlar/.m2/repository/org/springframework/boot/spring-boot-starter-hateoas/2.0.5.RELEASE/spring-boot-starter-hateoas-2.0.5.RELEASE.jar:/Users/chawlar/workspace/watson/watson_ga/connectors-workspace-one/common/connectors-test/target/connectors-test-2.2-SNAPSHOT.jar:/Users/chawlar/.m2/repository/io/jsonwebtoken/jjwt/0.9.1/jjwt-0.9.1.jar:/Users/chawlar/.m2/repository/org/springframework/plugin/spring-plugin-core/1.2.0.RELEASE/spring-plugin-core-1.2.0.RELEASE.jar:/Users/chawlar/.m2/repository/org/springframework/spring-beans/5.0.9.RELEASE/spring-beans-5.0.9.RELEASE.jar:/Users/chawlar/.m2/repository/org/springframework/spring-context/5.0.9.RELEASE/spring-context-5.0.9.RELEASE.jar:/Users/chawlar/.m2/repository/org/springframework/spring-expression/5.0.9.RELEASE/spring-expression-5.0.9.RELEASE.jar:/Users/chawlar/.m2/repository/org/springframework/spring-aop/5.0.9.RELEASE/spring-aop-5.0.9.RELEASE.jar:/Users/chawlar/.m2/repository/org/slf4j/slf4j-api/1.7.25/slf4j-api-1.7.25.jar:/Users/chawlar/.m2/repository/org/junit/jupiter/junit-jupiter-params/5.3.1/junit-jupiter-params-5.3.1.jar:/Users/chawlar/.m2/repository/org/apiguardian/apiguardian-api/1.0.0/apiguardian-api-1.0.0.jar:, sun.cpu.endian=little, pmd.failOnViolation=false, user.home=/Users/chawlar, user.language=en, java.specification.vendor=Oracle Corporation, java.version.date=2018-07-17, java.home=/Library/Java/JavaVirtualMachines/jdk-10.0.2.jdk/Contents/Home, file.separator=/, basedir=/Users/chawlar/workspace/watson/watson_ga/connectors-workspace-one/connectors/servicenow, java.vm.compressedOopsMode=Zero based, line.separator=
, java.specification.name=Java Platform API Specification, java.vm.specification.vendor=Oracle Corporation, java.awt.graphicsenv=sun.awt.CGraphicsEnvironment, surefire.real.class.path=/Users/chawlar/workspace/watson/watson_ga/connectors-workspace-one/connectors/servicenow/target/surefire/surefirebooter15111178962815392132.jar, sun.management.compiler=HotSpot 64-Bit Tiered Compilers, java.runtime.version=10.0.2+13, user.name=chawlar, path.separator=:, os.version=10.14.2, java.runtime.name=Java(TM) SE Runtime Environment, file.encoding=UTF-8, java.vm.name=Java HotSpot(TM) 64-Bit Server VM, java.vendor.version=18.3, localRepository=/Users/chawlar/.m2/repository, java.vendor.url.bug=http://bugreport.java.com/bugreport/, java.io.tmpdir=/var/folders/sn/_n5c5b6d041_4_kbrhlsl6700000gq/T/, java.version=10.0.2, user.dir=/Users/chawlar/workspace/watson/watson_ga/connectors-workspace-one/connectors/servicenow, os.arch=x86_64, java.vm.specification.name=Java Virtual Machine Specification, java.awt.printerjob=sun.lwawt.macosx.CPrinterJob, sun.os.patch.level=unknown, java.library.path=/Users/chawlar/Library/Java/Extensions:/Library/Java/Extensions:/Network/Library/Java/Extensions:/System/Library/Java/Extensions:/usr/lib/java:., java.vendor=Oracle Corporation, java.vm.info=mixed mode, java.vm.version=10.0.2+13, sun.io.unicode.encoding=UnicodeBig, java.class.version=54.0}}, SystemEnvironmentPropertySource@2044632976 {name='systemEnvironment', properties={PATH=/Users/chawlar/anaconda3/envs/radio19/bin:/anaconda3/bin:/Users/chawlar/anaconda3/bin:/anaconda3/bin:/usr/local/bin:/usr/bin:/bin:/usr/sbin:/sbin:/Applications/VMware Fusion.app/Contents/Public/:/opt/X11/bin:/Applications/Wireshark.app/Contents/MacOS, JAVA_MAIN_CLASS_43118=org.apache.maven.surefire.booter.ForkedBooter, CONDA_DEFAULT_ENV=radio19, AWS_SECRET_ACCESS_KEY=dummy-secret, trust_45=origin/feature/TRUST-45-spike-code-jekyll-lib-for-netskope, CONDA_PYTHON_EXE=/Users/chawlar/anaconda3/bin/python, CONDA_PREFIX=/Users/chawlar/anaconda3/envs/radio19, COLORTERM=truecolor, CONDA_PREFIX_1=/Users/chawlar/anaconda3, LOGNAME=chawlar, PWD=/Users/chawlar/workspace/watson/watson_ga/connectors-workspace-one/connectors/servicenow, TERM_PROGRAM_VERSION=3.1.5, PYTHONPATH=/usr/local/Cellar/apache-spark/2.2.1/libexec//python/lib/py4j-0.10.4-src.zip:/usr/local/Cellar/apache-spark/2.2.1/libexec//python:/usr/local/Cellar/apache-spark/2.2.1/libexec//python/build:/usr/local/Cellar/apache-spark/2.2.1/libexec//python/lib/py4j-0.10.4-src.zip:/usr/local/Cellar/apache-spark/2.2.1/libexec//python:/usr/local/Cellar/apache-spark/2.2.1/libexec//python/build:, SHELL=/bin/bash, OLDPWD=/Users/chawlar/workspace/watson/watson_ga/connectors-workspace-one/connectors/servicenow, ITERM_PROFILE=Default, TMPDIR=/var/folders/sn/_n5c5b6d041_4_kbrhlsl6700000gq/T/, docker_sunlab=fceb8fdfded7, XPC_FLAGS=0x0, TERM_SESSION_ID=w0t2p0:D86F12C2-693E-4DD6-970C-3574C9AA9744, __CF_USER_TEXT_ENCODING=0x1F7:0x0:0x0, CONDA_PROMPT_MODIFIER=(radio19) , Apple_PubSub_Socket_Render=/private/tmp/com.apple.launchd.wY51wMKIJz/Render, COLORFGBG=11;15, SHLVL=2, docker_cmanul=91c985b4321b, CONDA_EXE=/Users/chawlar/anaconda3/bin/conda, JAVA_HOME=/Library/Java/JavaVirtualMachines/jdk-10.0.2.jdk/Contents/Home, TERM=xterm-256color, LANG=en_US.UTF-8, DISPLAY=/private/tmp/com.apple.launchd.bSCjLaJTjm/org.macosforge.xquartz:0, SPARK_HOME=/usr/local/Cellar/apache-spark/2.2.1/libexec/, ITERM_SESSION_ID=w0t2p0:D86F12C2-693E-4DD6-970C-3574C9AA9744, AWS_ACCESS_KEY_ID=dummy-access, JAVA_MAIN_CLASS_43063=org.codehaus.plexus.classworlds.launcher.Launcher, XPC_SERVICE_NAME=0, MAVEN_CMD_LINE_ARGS= clean install -Dpmd.failOnViolation=false -am -pl :servicenow-connector, CONDA_SHLVL=2, _=/Library/Java/JavaVirtualMachines/jdk-10.0.2.jdk/Contents/Home/bin/java, ELASTICSEARCH_INDEX=dummy-index, TERM_PROGRAM=iTerm.app, LSCOLORS=gxBxhxDxfxhxhxhxhxcxcx, MAVEN_PROJECTBASEDIR=/Users/chawlar/workspace/watson/watson_ga/connectors-workspace-one, USER=chawlar, CLICOLOR=1, ELASTICSEARCH_HOST=dummy-host, SSH_AUTH_SOCK=/private/tmp/com.apple.launchd.bM0M5lKva4/Listeners, EDITOR=emacs -nw, HOME=/Users/chawlar}}]
09:04:22.394 [main] DEBUG org.springframework.core.env.StandardEnvironment - Adding PropertySource 'class path resource [application-test.properties]' with highest search precedence
09:04:22.395 [main] DEBUG org.springframework.test.context.support.TestPropertySourceUtils - Adding inlined properties to environment: {spring.jmx.enabled=false, org.springframework.boot.test.context.SpringBootTestContextBootstrapper=true, server.port=0}
09:04:22.395 [main] DEBUG org.springframework.core.env.StandardEnvironment - Adding PropertySource 'Inlined Test Properties' with highest search precedence

  .   ____          _            __ _ _
 /\\ / ___'_ __ _ _(_)_ __  __ _ \ \ \ \
( ( )\___ | '_ | '_| | '_ \/ _` | \ \ \ \
 \\/  ___)| |_)| | | | | || (_| |  ) ) ) )
  '  |____| .__|_| |_|_| |_\__, | / / / /
 =========|_|==============|___/=/_/_/_/
 :: Spring Boot ::        (v2.0.5.RELEASE)

2019-02-05 09:04:23.080  INFO 43118 --- [           main] c.v.c.s.ServiceNowControllerTest         : Starting ServiceNowControllerTest on chawlar-a01.vmware.com with PID 43118 (started by chawlar in /Users/chawlar/workspace/watson/watson_ga/connectors-workspace-one/connectors/servicenow)
2019-02-05 09:04:23.082  INFO 43118 --- [           main] c.v.c.s.ServiceNowControllerTest         : No active profile set, falling back to default profiles: default
2019-02-05 09:04:23.131  INFO 43118 --- [           main] ConfigServletWebServerApplicationContext : Refreshing org.springframework.boot.web.servlet.context.AnnotationConfigServletWebServerApplicationContext@79aab764: startup date [Tue Feb 05 09:04:23 EST 2019]; root of context hierarchy
2019-02-05 09:04:25.694  INFO 43118 --- [           main] trationDelegate$BeanPostProcessorChecker : Bean 'org.springframework.hateoas.config.HateoasConfiguration' of type [org.springframework.hateoas.config.HateoasConfiguration$$EnhancerBySpringCGLIB$$97523238] is not eligible for getting processed by all BeanPostProcessors (for example: not eligible for auto-proxying)
2019-02-05 09:04:26.893  INFO 43118 --- [           main] o.s.b.w.embedded.tomcat.TomcatWebServer  : Tomcat initialized with port(s): 0 (http)
2019-02-05 09:04:26.976  INFO 43118 --- [           main] o.apache.catalina.core.StandardService   : Starting service [Tomcat]
2019-02-05 09:04:26.978  INFO 43118 --- [           main] org.apache.catalina.core.StandardEngine  : Starting Servlet Engine: Apache Tomcat/8.5.34
2019-02-05 09:04:27.000  INFO 43118 --- [ost-startStop-1] o.a.catalina.core.AprLifecycleListener   : The APR based Apache Tomcat Native library which allows optimal performance in production environments was not found on the java.library.path: [/Users/chawlar/Library/Java/Extensions:/Library/Java/Extensions:/Network/Library/Java/Extensions:/System/Library/Java/Extensions:/usr/lib/java:.]
2019-02-05 09:04:27.275  INFO 43118 --- [ost-startStop-1] o.a.c.c.C.[Tomcat].[localhost].[/]       : Initializing Spring embedded WebApplicationContext
2019-02-05 09:04:27.276  INFO 43118 --- [ost-startStop-1] o.s.web.context.ContextLoader            : Root WebApplicationContext: initialization completed in 4152 ms
2019-02-05 09:04:28.290  INFO 43118 --- [ost-startStop-1] o.s.b.w.servlet.FilterRegistrationBean   : Mapping filter: 'characterEncodingFilter' to: [/*]
2019-02-05 09:04:28.291  INFO 43118 --- [ost-startStop-1] o.s.b.w.servlet.FilterRegistrationBean   : Mapping filter: 'webMvcMetricsFilter' to: [/*]
2019-02-05 09:04:28.292  INFO 43118 --- [ost-startStop-1] o.s.b.w.servlet.FilterRegistrationBean   : Mapping filter: 'hiddenHttpMethodFilter' to: [/*]
2019-02-05 09:04:28.292  INFO 43118 --- [ost-startStop-1] o.s.b.w.servlet.FilterRegistrationBean   : Mapping filter: 'httpPutFormContentFilter' to: [/*]
2019-02-05 09:04:28.293  INFO 43118 --- [ost-startStop-1] o.s.b.w.servlet.FilterRegistrationBean   : Mapping filter: 'requestContextFilter' to: [/*]
2019-02-05 09:04:28.293  INFO 43118 --- [ost-startStop-1] .s.DelegatingFilterProxyRegistrationBean : Mapping filter: 'springSecurityFilterChain' to: [/*]
2019-02-05 09:04:28.294  INFO 43118 --- [ost-startStop-1] o.s.b.w.servlet.FilterRegistrationBean   : Mapping filter: 'httpTraceFilter' to: [/*]
2019-02-05 09:04:28.294  INFO 43118 --- [ost-startStop-1] o.s.b.w.servlet.FilterRegistrationBean   : Mapping filter: 'mdcFilter' to: [/*]
2019-02-05 09:04:28.294  INFO 43118 --- [ost-startStop-1] o.s.b.w.servlet.ServletRegistrationBean  : Servlet dispatcherServlet mapped to [/]
2019-02-05 09:04:30.071  INFO 43118 --- [           main] .s.s.UserDetailsServiceAutoConfiguration : 

Using generated security password: 21193151-e7b6-4c91-a6d5-d9ae9e911363

2019-02-05 09:04:30.656  INFO 43118 --- [           main] o.s.s.web.DefaultSecurityFilterChain     : Creating filter chain: org.springframework.security.web.util.matcher.AnyRequestMatcher@1, [org.springframework.security.web.context.request.async.WebAsyncManagerIntegrationFilter@1e0a629b, org.springframework.security.web.context.SecurityContextPersistenceFilter@69249dc4, org.springframework.security.web.header.HeaderWriterFilter@cab07cc, org.springframework.security.web.authentication.logout.LogoutFilter@544bd469, org.springframework.security.oauth2.provider.authentication.OAuth2AuthenticationProcessingFilter@754bc4bc, org.springframework.security.web.savedrequest.RequestCacheAwareFilter@625a24c1, org.springframework.security.web.servletapi.SecurityContextHolderAwareRequestFilter@31dcb7ce, org.springframework.security.web.authentication.AnonymousAuthenticationFilter@17338ff8, org.springframework.security.web.session.SessionManagementFilter@5571cd2, org.springframework.security.web.access.ExceptionTranslationFilter@4f4a8c15, org.springframework.security.web.access.intercept.FilterSecurityInterceptor@e569046]
2019-02-05 09:04:30.870  INFO 43118 --- [           main] o.s.w.s.handler.SimpleUrlHandlerMapping  : Mapped URL path [/**/favicon.ico] onto handler of type [class org.springframework.web.servlet.resource.ResourceHttpRequestHandler]
2019-02-05 09:04:31.161  INFO 43118 --- [           main] s.w.s.m.m.a.RequestMappingHandlerAdapter : Looking for @ControllerAdvice: org.springframework.boot.web.servlet.context.AnnotationConfigServletWebServerApplicationContext@79aab764: startup date [Tue Feb 05 09:04:23 EST 2019]; root of context hierarchy
2019-02-05 09:04:31.304  INFO 43118 --- [           main] s.w.s.m.m.a.RequestMappingHandlerMapping : Mapped "{[/api/v1/tickets/{requestSysId}/approve],methods=[POST],consumes=[application/x-www-form-urlencoded]}" onto public reactor.core.publisher.Mono<java.util.Map<java.lang.String, java.lang.Object>> com.vmware.connectors.servicenow.ServiceNowController.approve(java.lang.String,java.lang.String,java.lang.String)
2019-02-05 09:04:31.306  INFO 43118 --- [           main] s.w.s.m.m.a.RequestMappingHandlerMapping : Mapped "{[/api/v1/items/],methods=[POST],consumes=[application/json],produces=[application/json]}" onto public reactor.core.publisher.Mono<com.vmware.connectors.servicenow.domain.ItemsResponse> com.vmware.connectors.servicenow.ServiceNowController.getItems(java.lang.String,java.lang.String,java.lang.String,java.lang.String,com.vmware.connectors.common.payloads.request.CardRequest)
2019-02-05 09:04:31.306  INFO 43118 --- [           main] s.w.s.m.m.a.RequestMappingHandlerMapping : Mapped "{[/api/v1/tickets/{requestSysId}/reject],methods=[POST],consumes=[application/x-www-form-urlencoded]}" onto public reactor.core.publisher.Mono<java.util.Map<java.lang.String, java.lang.Object>> com.vmware.connectors.servicenow.ServiceNowController.reject(java.lang.String,java.lang.String,java.lang.String,java.lang.String)
2019-02-05 09:04:31.307  INFO 43118 --- [           main] s.w.s.m.m.a.RequestMappingHandlerMapping : Mapped "{[/cards/requests],methods=[POST],consumes=[application/json],produces=[application/json]}" onto public reactor.core.publisher.Mono<com.vmware.connectors.common.payloads.response.Cards> com.vmware.connectors.servicenow.ServiceNowController.getCards(java.lang.String,java.lang.String,java.lang.String,java.util.Locale,com.vmware.connectors.common.payloads.request.CardRequest,javax.servlet.http.HttpServletRequest)
2019-02-05 09:04:31.308  INFO 43118 --- [           main] s.w.s.m.m.a.RequestMappingHandlerMapping : Mapped "{[/api/v1/tickets/{ticketType}],methods=[GET],produces=[application/json]}" onto private reactor.core.publisher.Mono<com.vmware.connectors.servicenow.domain.TasksResponse> com.vmware.connectors.servicenow.ServiceNowController.getTasks(java.lang.String,java.lang.String,com.vmware.connectors.servicenow.TaskKey,java.lang.String,java.lang.String)
2019-02-05 09:04:31.308  INFO 43118 --- [           main] s.w.s.m.m.a.RequestMappingHandlerMapping : Mapped "{[/api/v1/ticket/],methods=[GET],produces=[application/json]}" onto private reactor.core.publisher.Mono<com.vmware.connectors.servicenow.domain.TaskDetailsResponse> com.vmware.connectors.servicenow.ServiceNowController.getTaskDetails(java.lang.String,java.lang.String,com.vmware.connectors.servicenow.TaskKey,java.lang.String)
2019-02-05 09:04:31.309  INFO 43118 --- [           main] s.w.s.m.m.a.RequestMappingHandlerMapping : Mapped "{[/api/v1/checkout],methods=[POST],consumes=[application/json]}" onto public reactor.core.publisher.Mono<com.vmware.connectors.servicenow.domain.CheckoutResponse> com.vmware.connectors.servicenow.ServiceNowController.checkout(java.lang.String,java.lang.String)
2019-02-05 09:04:31.310  INFO 43118 --- [           main] s.w.s.m.m.a.RequestMappingHandlerMapping : Mapped "{[/api/v1/cart],methods=[POST],consumes=[application/json]}" onto public reactor.core.publisher.Mono<com.vmware.connectors.servicenow.domain.CartResponse> com.vmware.connectors.servicenow.ServiceNowController.addToCart(java.lang.String,java.lang.String,com.vmware.connectors.common.payloads.request.CardRequest)
2019-02-05 09:04:31.311  INFO 43118 --- [           main] s.w.s.m.m.a.RequestMappingHandlerMapping : Mapped "{[/api/v1/cart/],methods=[GET],produces=[application/json]}" onto public reactor.core.publisher.Mono<java.lang.String> com.vmware.connectors.servicenow.ServiceNowController.lookupCart(java.lang.String,java.lang.String)
2019-02-05 09:04:31.312  INFO 43118 --- [           main] s.w.s.m.m.a.RequestMappingHandlerMapping : Mapped "{[/],methods=[GET]}" onto public org.springframework.http.ResponseEntity<java.lang.String> com.vmware.connectors.common.web.ConnectorRootController.getMetadata(javax.servlet.http.HttpServletRequest)
2019-02-05 09:04:31.316  INFO 43118 --- [           main] s.w.s.m.m.a.RequestMappingHandlerMapping : Mapped "{[/error]}" onto public org.springframework.http.ResponseEntity<java.util.Map<java.lang.String, java.lang.Object>> org.springframework.boot.autoconfigure.web.servlet.error.BasicErrorController.error(javax.servlet.http.HttpServletRequest)
2019-02-05 09:04:31.317  INFO 43118 --- [           main] s.w.s.m.m.a.RequestMappingHandlerMapping : Mapped "{[/error],produces=[text/html]}" onto public org.springframework.web.servlet.ModelAndView org.springframework.boot.autoconfigure.web.servlet.error.BasicErrorController.errorHtml(javax.servlet.http.HttpServletRequest,javax.servlet.http.HttpServletResponse)
2019-02-05 09:04:31.352  INFO 43118 --- [           main] o.s.w.s.handler.SimpleUrlHandlerMapping  : Mapped URL path [/webjars/**] onto handler of type [class org.springframework.web.servlet.resource.ResourceHttpRequestHandler]
2019-02-05 09:04:31.353  INFO 43118 --- [           main] o.s.w.s.handler.SimpleUrlHandlerMapping  : Mapped URL path [/**] onto handler of type [class org.springframework.web.servlet.resource.ResourceHttpRequestHandler]
2019-02-05 09:04:31.353  INFO 43118 --- [           main] o.s.w.s.handler.SimpleUrlHandlerMapping  : Mapped URL path [/templates/**] onto handler of type [class org.springframework.web.servlet.resource.ResourceHttpRequestHandler]
2019-02-05 09:04:31.353  INFO 43118 --- [           main] o.s.w.s.handler.SimpleUrlHandlerMapping  : Mapped URL path [/images/**] onto handler of type [class org.springframework.web.servlet.resource.ResourceHttpRequestHandler]
2019-02-05 09:04:31.376  INFO 43118 --- [           main] .m.m.a.ExceptionHandlerExceptionResolver : Detected @ExceptionHandler methods in com.vmware.connectors.common.web.ExceptionHandlers
2019-02-05 09:04:31.753  INFO 43118 --- [           main] o.s.b.a.e.web.EndpointLinksResolver      : Exposing 2 endpoint(s) beneath base path ''
2019-02-05 09:04:31.768  INFO 43118 --- [           main] s.b.a.e.w.s.WebMvcEndpointHandlerMapping : Mapped "{[/health],methods=[GET],produces=[application/vnd.spring-boot.actuator.v2+json || application/json]}" onto public java.lang.Object org.springframework.boot.actuate.endpoint.web.servlet.AbstractWebMvcEndpointHandlerMapping$OperationHandler.handle(javax.servlet.http.HttpServletRequest,java.util.Map<java.lang.String, java.lang.String>)
2019-02-05 09:04:31.769  INFO 43118 --- [           main] s.b.a.e.w.s.WebMvcEndpointHandlerMapping : Mapped "{[/info],methods=[GET],produces=[application/vnd.spring-boot.actuator.v2+json || application/json]}" onto public java.lang.Object org.springframework.boot.actuate.endpoint.web.servlet.AbstractWebMvcEndpointHandlerMapping$OperationHandler.handle(javax.servlet.http.HttpServletRequest,java.util.Map<java.lang.String, java.lang.String>)
2019-02-05 09:04:32.095  INFO 43118 --- [           main] o.s.b.w.embedded.tomcat.TomcatWebServer  : Tomcat started on port(s): 50499 (http) with context path ''
2019-02-05 09:04:32.105  INFO 43118 --- [           main] c.v.c.s.ServiceNowControllerTest         : Started ServiceNowControllerTest in 9.703 seconds (JVM running for 13.985)
2019-02-05 09:04:32.685  INFO 43118 --- [WebServer 50501] okhttp3.mockwebserver.MockWebServer      : MockWebServer[50501] starting to accept connections
2019-02-05 09:04:33.195  INFO 43118 --- [o-auto-1-exec-1] o.a.c.c.C.[Tomcat].[localhost].[/]       : Initializing Spring FrameworkServlet 'dispatcherServlet'
2019-02-05 09:04:33.196  INFO 43118 --- [o-auto-1-exec-1] o.s.web.servlet.DispatcherServlet        : FrameworkServlet 'dispatcherServlet': initialization started
2019-02-05 09:04:33.221  INFO 43118 --- [o-auto-1-exec-1] o.s.web.servlet.DispatcherServlet        : FrameworkServlet 'dispatcherServlet': initialization completed in 25 ms
2019-02-05 09:04:33.382  WARN 43118 --- [o-auto-1-exec-1] .w.s.m.s.DefaultHandlerExceptionResolver : Resolved [org.springframework.web.bind.ServletRequestBindingException: Missing request header 'X-Connector-Authorization' for method parameter of type String]
2019-02-05 09:04:33.500  INFO 43118 --- [WebServer 50501] okhttp3.mockwebserver.MockWebServer      : MockWebServer[50501] done accepting connections: Socket closed
2019-02-05 09:04:33.532  INFO 43118 --- [WebServer 50506] okhttp3.mockwebserver.MockWebServer      : MockWebServer[50506] starting to accept connections
2019-02-05 09:04:38.542  INFO 43118 --- [WebServer 50506] okhttp3.mockwebserver.MockWebServer      : MockWebServer[50506] done accepting connections: Socket closed
2019-02-05 09:04:38.571 ERROR 43118 --- [o-auto-1-exec-3] o.a.c.c.C.[.[.[/].[dispatcherServlet]    : Servlet.service() for servlet [dispatcherServlet] threw exception

java.io.IOException: Connection closed prematurely
	at reactor.ipc.netty.http.client.HttpClientOperations.onInboundClose(HttpClientOperations.java:271) ~[reactor-netty-0.7.9.RELEASE.jar:0.7.9.RELEASE]
	at reactor.ipc.netty.channel.ChannelOperationsHandler.channelInactive(ChannelOperationsHandler.java:115) ~[reactor-netty-0.7.9.RELEASE.jar:0.7.9.RELEASE]
	at io.netty.channel.AbstractChannelHandlerContext.invokeChannelInactive(AbstractChannelHandlerContext.java:245) ~[netty-transport-4.1.29.Final.jar:4.1.29.Final]
	at io.netty.channel.AbstractChannelHandlerContext.invokeChannelInactive(AbstractChannelHandlerContext.java:231) ~[netty-transport-4.1.29.Final.jar:4.1.29.Final]
	at io.netty.channel.AbstractChannelHandlerContext.fireChannelInactive(AbstractChannelHandlerContext.java:224) ~[netty-transport-4.1.29.Final.jar:4.1.29.Final]
	at io.netty.channel.ChannelInboundHandlerAdapter.channelInactive(ChannelInboundHandlerAdapter.java:75) ~[netty-transport-4.1.29.Final.jar:4.1.29.Final]
	at io.netty.handler.codec.http.HttpContentDecoder.channelInactive(HttpContentDecoder.java:205) ~[netty-codec-http-4.1.29.Final.jar:4.1.29.Final]
	at io.netty.channel.AbstractChannelHandlerContext.invokeChannelInactive(AbstractChannelHandlerContext.java:245) ~[netty-transport-4.1.29.Final.jar:4.1.29.Final]
	at io.netty.channel.AbstractChannelHandlerContext.invokeChannelInactive(AbstractChannelHandlerContext.java:231) ~[netty-transport-4.1.29.Final.jar:4.1.29.Final]
	at io.netty.channel.AbstractChannelHandlerContext.fireChannelInactive(AbstractChannelHandlerContext.java:224) ~[netty-transport-4.1.29.Final.jar:4.1.29.Final]
	at io.netty.channel.CombinedChannelDuplexHandler$DelegatingChannelHandlerContext.fireChannelInactive(CombinedChannelDuplexHandler.java:420) ~[netty-transport-4.1.29.Final.jar:4.1.29.Final]
	at io.netty.handler.codec.ByteToMessageDecoder.channelInputClosed(ByteToMessageDecoder.java:377) ~[netty-codec-4.1.29.Final.jar:4.1.29.Final]
	at io.netty.handler.codec.ByteToMessageDecoder.channelInactive(ByteToMessageDecoder.java:342) ~[netty-codec-4.1.29.Final.jar:4.1.29.Final]
	at io.netty.handler.codec.http.HttpClientCodec$Decoder.channelInactive(HttpClientCodec.java:282) ~[netty-codec-http-4.1.29.Final.jar:4.1.29.Final]
	at io.netty.channel.CombinedChannelDuplexHandler.channelInactive(CombinedChannelDuplexHandler.java:223) ~[netty-transport-4.1.29.Final.jar:4.1.29.Final]
	at io.netty.channel.AbstractChannelHandlerContext.invokeChannelInactive(AbstractChannelHandlerContext.java:245) ~[netty-transport-4.1.29.Final.jar:4.1.29.Final]
	at io.netty.channel.AbstractChannelHandlerContext.invokeChannelInactive(AbstractChannelHandlerContext.java:231) ~[netty-transport-4.1.29.Final.jar:4.1.29.Final]
	at io.netty.channel.AbstractChannelHandlerContext.fireChannelInactive(AbstractChannelHandlerContext.java:224) ~[netty-transport-4.1.29.Final.jar:4.1.29.Final]
	at io.netty.channel.DefaultChannelPipeline$HeadContext.channelInactive(DefaultChannelPipeline.java:1429) ~[netty-transport-4.1.29.Final.jar:4.1.29.Final]
	at io.netty.channel.AbstractChannelHandlerContext.invokeChannelInactive(AbstractChannelHandlerContext.java:245) ~[netty-transport-4.1.29.Final.jar:4.1.29.Final]
	at io.netty.channel.AbstractChannelHandlerContext.invokeChannelInactive(AbstractChannelHandlerContext.java:231) ~[netty-transport-4.1.29.Final.jar:4.1.29.Final]
	at io.netty.channel.DefaultChannelPipeline.fireChannelInactive(DefaultChannelPipeline.java:947) ~[netty-transport-4.1.29.Final.jar:4.1.29.Final]
	at io.netty.channel.AbstractChannel$AbstractUnsafe$8.run(AbstractChannel.java:822) ~[netty-transport-4.1.29.Final.jar:4.1.29.Final]
	at io.netty.util.concurrent.AbstractEventExecutor.safeExecute(AbstractEventExecutor.java:163) ~[netty-common-4.1.29.Final.jar:4.1.29.Final]
	at io.netty.util.concurrent.SingleThreadEventExecutor.runAllTasks(SingleThreadEventExecutor.java:404) ~[netty-common-4.1.29.Final.jar:4.1.29.Final]
	at io.netty.channel.nio.NioEventLoop.run(NioEventLoop.java:446) ~[netty-transport-4.1.29.Final.jar:4.1.29.Final]
	at io.netty.util.concurrent.SingleThreadEventExecutor$5.run(SingleThreadEventExecutor.java:884) ~[netty-common-4.1.29.Final.jar:4.1.29.Final]
	at java.base/java.lang.Thread.run(Thread.java:844) [na:na]

2019-02-05 09:04:38.572 ERROR 43118 --- [o-auto-1-exec-3] o.a.c.c.C.[.[.[/].[dispatcherServlet]    : Servlet.service() for servlet [dispatcherServlet] in context with path [] threw exception

java.io.IOException: Connection closed prematurely
	at reactor.ipc.netty.http.client.HttpClientOperations.onInboundClose(HttpClientOperations.java:271) ~[reactor-netty-0.7.9.RELEASE.jar:0.7.9.RELEASE]
	at reactor.ipc.netty.channel.ChannelOperationsHandler.channelInactive(ChannelOperationsHandler.java:115) ~[reactor-netty-0.7.9.RELEASE.jar:0.7.9.RELEASE]
	at io.netty.channel.AbstractChannelHandlerContext.invokeChannelInactive(AbstractChannelHandlerContext.java:245) ~[netty-transport-4.1.29.Final.jar:4.1.29.Final]
	at io.netty.channel.AbstractChannelHandlerContext.invokeChannelInactive(AbstractChannelHandlerContext.java:231) ~[netty-transport-4.1.29.Final.jar:4.1.29.Final]
	at io.netty.channel.AbstractChannelHandlerContext.fireChannelInactive(AbstractChannelHandlerContext.java:224) ~[netty-transport-4.1.29.Final.jar:4.1.29.Final]
	at io.netty.channel.ChannelInboundHandlerAdapter.channelInactive(ChannelInboundHandlerAdapter.java:75) ~[netty-transport-4.1.29.Final.jar:4.1.29.Final]
	at io.netty.handler.codec.http.HttpContentDecoder.channelInactive(HttpContentDecoder.java:205) ~[netty-codec-http-4.1.29.Final.jar:4.1.29.Final]
	at io.netty.channel.AbstractChannelHandlerContext.invokeChannelInactive(AbstractChannelHandlerContext.java:245) ~[netty-transport-4.1.29.Final.jar:4.1.29.Final]
	at io.netty.channel.AbstractChannelHandlerContext.invokeChannelInactive(AbstractChannelHandlerContext.java:231) ~[netty-transport-4.1.29.Final.jar:4.1.29.Final]
	at io.netty.channel.AbstractChannelHandlerContext.fireChannelInactive(AbstractChannelHandlerContext.java:224) ~[netty-transport-4.1.29.Final.jar:4.1.29.Final]
	at io.netty.channel.CombinedChannelDuplexHandler$DelegatingChannelHandlerContext.fireChannelInactive(CombinedChannelDuplexHandler.java:420) ~[netty-transport-4.1.29.Final.jar:4.1.29.Final]
	at io.netty.handler.codec.ByteToMessageDecoder.channelInputClosed(ByteToMessageDecoder.java:377) ~[netty-codec-4.1.29.Final.jar:4.1.29.Final]
	at io.netty.handler.codec.ByteToMessageDecoder.channelInactive(ByteToMessageDecoder.java:342) ~[netty-codec-4.1.29.Final.jar:4.1.29.Final]
	at io.netty.handler.codec.http.HttpClientCodec$Decoder.channelInactive(HttpClientCodec.java:282) ~[netty-codec-http-4.1.29.Final.jar:4.1.29.Final]
	at io.netty.channel.CombinedChannelDuplexHandler.channelInactive(CombinedChannelDuplexHandler.java:223) ~[netty-transport-4.1.29.Final.jar:4.1.29.Final]
	at io.netty.channel.AbstractChannelHandlerContext.invokeChannelInactive(AbstractChannelHandlerContext.java:245) ~[netty-transport-4.1.29.Final.jar:4.1.29.Final]
	at io.netty.channel.AbstractChannelHandlerContext.invokeChannelInactive(AbstractChannelHandlerContext.java:231) ~[netty-transport-4.1.29.Final.jar:4.1.29.Final]
	at io.netty.channel.AbstractChannelHandlerContext.fireChannelInactive(AbstractChannelHandlerContext.java:224) ~[netty-transport-4.1.29.Final.jar:4.1.29.Final]
	at io.netty.channel.DefaultChannelPipeline$HeadContext.channelInactive(DefaultChannelPipeline.java:1429) ~[netty-transport-4.1.29.Final.jar:4.1.29.Final]
	at io.netty.channel.AbstractChannelHandlerContext.invokeChannelInactive(AbstractChannelHandlerContext.java:245) ~[netty-transport-4.1.29.Final.jar:4.1.29.Final]
	at io.netty.channel.AbstractChannelHandlerContext.invokeChannelInactive(AbstractChannelHandlerContext.java:231) ~[netty-transport-4.1.29.Final.jar:4.1.29.Final]
	at io.netty.channel.DefaultChannelPipeline.fireChannelInactive(DefaultChannelPipeline.java:947) ~[netty-transport-4.1.29.Final.jar:4.1.29.Final]
	at io.netty.channel.AbstractChannel$AbstractUnsafe$8.run(AbstractChannel.java:822) ~[netty-transport-4.1.29.Final.jar:4.1.29.Final]
	at io.netty.util.concurrent.AbstractEventExecutor.safeExecute(AbstractEventExecutor.java:163) ~[netty-common-4.1.29.Final.jar:4.1.29.Final]
	at io.netty.util.concurrent.SingleThreadEventExecutor.runAllTasks(SingleThreadEventExecutor.java:404) ~[netty-common-4.1.29.Final.jar:4.1.29.Final]
	at io.netty.channel.nio.NioEventLoop.run(NioEventLoop.java:446) ~[netty-transport-4.1.29.Final.jar:4.1.29.Final]
	at io.netty.util.concurrent.SingleThreadEventExecutor$5.run(SingleThreadEventExecutor.java:884) ~[netty-common-4.1.29.Final.jar:4.1.29.Final]
	at java.base/java.lang.Thread.run(Thread.java:844) [na:na]

2019-02-05 09:04:38.606  INFO 43118 --- [WebServer 50542] okhttp3.mockwebserver.MockWebServer      : MockWebServer[50542] starting to accept connections
2019-02-05 09:04:38.689  INFO 43118 --- [127.0.0.1:50544] okhttp3.mockwebserver.MockWebServer      : MockWebServer[50542] received request: GET /api/now/table/sys_user?sysparm_fields=sys_id&sysparm_limit=1&email=jbard@vmware.com HTTP/1.1 and responded: HTTP/1.1 401 Client Error
2019-02-05 09:04:38.738 ERROR 43118 --- [o-auto-1-exec-5] c.v.c.common.web.ExceptionHandlers       : Backend returned 401 Unauthorized 
 
2019-02-05 09:04:38.747  WARN 43118 --- [o-auto-1-exec-5] .m.m.a.ExceptionHandlerExceptionResolver : Resolved [org.springframework.web.reactive.function.client.WebClientResponseException: ClientResponse has erroneous status code: 401 Unauthorized]
2019-02-05 09:04:38.753  INFO 43118 --- [WebServer 50542] okhttp3.mockwebserver.MockWebServer      : MockWebServer[50542] done accepting connections: Socket closed
2019-02-05 09:04:38.784  INFO 43118 --- [WebServer 50545] okhttp3.mockwebserver.MockWebServer      : MockWebServer[50545] starting to accept connections
2019-02-05 09:04:38.914  INFO 43118 --- [127.0.0.1:50547] okhttp3.mockwebserver.MockWebServer      : MockWebServer[50545] received request: PATCH /api/now/table/sysapproval_approver/test-ticket-id?sysparm_fields=sys_id,state,comments HTTP/1.1 and responded: HTTP/1.1 401 Client Error
2019-02-05 09:04:38.925 ERROR 43118 --- [o-auto-1-exec-7] c.v.c.common.web.ExceptionHandlers       : Backend returned 401 Unauthorized 
 
2019-02-05 09:04:38.927  WARN 43118 --- [o-auto-1-exec-7] .m.m.a.ExceptionHandlerExceptionResolver : Resolved [org.springframework.web.reactive.function.client.WebClientResponseException: ClientResponse has erroneous status code: 401 Unauthorized]
2019-02-05 09:04:38.929  INFO 43118 --- [WebServer 50545] okhttp3.mockwebserver.MockWebServer      : MockWebServer[50545] done accepting connections: Socket closed
2019-02-05 09:04:38.966  INFO 43118 --- [WebServer 50549] okhttp3.mockwebserver.MockWebServer      : MockWebServer[50549] starting to accept connections
2019-02-05 09:04:39.004  INFO 43118 --- [127.0.0.1:50551] okhttp3.mockwebserver.MockWebServer      : MockWebServer[50549] received request: PATCH /api/now/table/sysapproval_approver/test-ticket-id?sysparm_fields=sys_id,state,comments HTTP/1.1 and responded: HTTP/1.1 401 Client Error
2019-02-05 09:04:39.013 ERROR 43118 --- [o-auto-1-exec-9] c.v.c.common.web.ExceptionHandlers       : Backend returned 401 Unauthorized 
 
2019-02-05 09:04:39.015  WARN 43118 --- [o-auto-1-exec-9] .m.m.a.ExceptionHandlerExceptionResolver : Resolved [org.springframework.web.reactive.function.client.WebClientResponseException: ClientResponse has erroneous status code: 401 Unauthorized]
2019-02-05 09:04:39.017  INFO 43118 --- [WebServer 50549] okhttp3.mockwebserver.MockWebServer      : MockWebServer[50549] done accepting connections: Socket closed
2019-02-05 09:04:39.053  INFO 43118 --- [WebServer 50552] okhttp3.mockwebserver.MockWebServer      : MockWebServer[50552] starting to accept connections
2019-02-05 09:04:39.069  WARN 43118 --- [-auto-1-exec-10] .w.s.m.s.DefaultHandlerExceptionResolver : Resolved [org.springframework.web.bind.ServletRequestBindingException: Missing request header 'X-Connector-Authorization' for method parameter of type String]
2019-02-05 09:04:39.079  INFO 43118 --- [WebServer 50552] okhttp3.mockwebserver.MockWebServer      : MockWebServer[50552] done accepting connections: Socket closed
2019-02-05 09:04:39.134  INFO 43118 --- [WebServer 50555] okhttp3.mockwebserver.MockWebServer      : MockWebServer[50555] starting to accept connections
2019-02-05 09:04:39.169  INFO 43118 --- [127.0.0.1:50557] okhttp3.mockwebserver.MockWebServer      : MockWebServer[50555] received request: PATCH /api/now/table/sysapproval_approver/test-ticket-id?sysparm_fields=sys_id,state,comments HTTP/1.1 and responded: HTTP/1.1 200 OK
2019-02-05 09:04:39.223  INFO 43118 --- [WebServer 50555] okhttp3.mockwebserver.MockWebServer      : MockWebServer[50555] done accepting connections: Socket closed
2019-02-05 09:04:39.289  INFO 43118 --- [WebServer 50558] okhttp3.mockwebserver.MockWebServer      : MockWebServer[50558] starting to accept connections
2019-02-05 09:04:39.300  WARN 43118 --- [o-auto-1-exec-4] .w.s.m.s.DefaultHandlerExceptionResolver : Resolved [org.springframework.web.bind.MissingServletRequestParameterException: Required String parameter 'reason' is not present]
2019-02-05 09:04:39.306  INFO 43118 --- [WebServer 50558] okhttp3.mockwebserver.MockWebServer      : MockWebServer[50558] done accepting connections: Socket closed
2019-02-05 09:04:39.322  INFO 43118 --- [WebServer 50559] okhttp3.mockwebserver.MockWebServer      : MockWebServer[50559] starting to accept connections
2019-02-05 09:04:39.366  INFO 43118 --- [WebServer 50559] okhttp3.mockwebserver.MockWebServer      : MockWebServer[50559] done accepting connections: Socket closed
2019-02-05 09:04:39.385  INFO 43118 --- [WebServer 50561] okhttp3.mockwebserver.MockWebServer      : MockWebServer[50561] starting to accept connections
2019-02-05 09:04:39.394  WARN 43118 --- [o-auto-1-exec-6] .w.s.m.s.DefaultHandlerExceptionResolver : Resolved [org.springframework.web.bind.ServletRequestBindingException: Missing request header 'X-Connector-Authorization' for method parameter of type String]
2019-02-05 09:04:39.400  INFO 43118 --- [WebServer 50561] okhttp3.mockwebserver.MockWebServer      : MockWebServer[50561] done accepting connections: Socket closed
2019-02-05 09:04:39.419  INFO 43118 --- [WebServer 50562] okhttp3.mockwebserver.MockWebServer      : MockWebServer[50562] starting to accept connections
2019-02-05 09:04:39.458  INFO 43118 --- [WebServer 50562] okhttp3.mockwebserver.MockWebServer      : MockWebServer[50562] done accepting connections: Socket closed
2019-02-05 09:04:39.653  INFO 43118 --- [WebServer 50565] okhttp3.mockwebserver.MockWebServer      : MockWebServer[50565] starting to accept connections
2019-02-05 09:04:39.688  INFO 43118 --- [127.0.0.1:50566] okhttp3.mockwebserver.MockWebServer      : MockWebServer[50565] received request: GET /api/now/table/sys_user?sysparm_fields=sys_id&sysparm_limit=1&email=jbard@vmware.com HTTP/1.1 and responded: HTTP/1.1 200 OK
2019-02-05 09:04:39.701  INFO 43118 --- [127.0.0.1:50566] okhttp3.mockwebserver.MockWebServer      : MockWebServer[50565] received request: GET /api/now/table/sysapproval_approver?sysparm_fields=sys_id,sysapproval,comments,due_date,sys_created_by&sysparm_limit=10000&source_table=sc_request&state=requested&approver=test-user-id HTTP/1.1 and responded: HTTP/1.1 200 OK
2019-02-05 09:04:39.719  INFO 43118 --- [127.0.0.1:50566] okhttp3.mockwebserver.MockWebServer      : MockWebServer[50565] received request: GET /api/now/table/sc_request/test-sc-request-id-1?sysparm_fields=sys_id,price,number HTTP/1.1 and responded: HTTP/1.1 200 OK
2019-02-05 09:04:39.723  INFO 43118 --- [127.0.0.1:50567] okhttp3.mockwebserver.MockWebServer      : MockWebServer[50565] received request: GET /api/now/table/sc_request/test-sc-request-id-2?sysparm_fields=sys_id,price,number HTTP/1.1 and responded: HTTP/1.1 200 OK
2019-02-05 09:04:39.724  INFO 43118 --- [127.0.0.1:50568] okhttp3.mockwebserver.MockWebServer      : MockWebServer[50565] received request: GET /api/now/table/sc_request/test-sc-request-id-3?sysparm_fields=sys_id,price,number HTTP/1.1 and responded: HTTP/1.1 200 OK
2019-02-05 09:04:39.734  INFO 43118 --- [127.0.0.1:50568] okhttp3.mockwebserver.MockWebServer      : MockWebServer[50565] received request: GET /api/now/table/sc_req_item?sysparm_fields=sys_id,price,request,short_description,quantity&sysparm_limit=10000&request=test-sc-request-id-2 HTTP/1.1 and responded: HTTP/1.1 200 OK
2019-02-05 09:04:39.735  INFO 43118 --- [127.0.0.1:50567] okhttp3.mockwebserver.MockWebServer      : MockWebServer[50565] received request: GET /api/now/table/sc_req_item?sysparm_fields=sys_id,price,request,short_description,quantity&sysparm_limit=10000&request=test-sc-request-id-3 HTTP/1.1 and responded: HTTP/1.1 200 OK
2019-02-05 09:04:39.952  INFO 43118 --- [WebServer 50570] okhttp3.mockwebserver.MockWebServer      : MockWebServer[50570] starting to accept connections
2019-02-05 09:04:39.972  INFO 43118 --- [127.0.0.1:50571] okhttp3.mockwebserver.MockWebServer      : MockWebServer[50570] received request: GET /api/now/table/sys_user?sysparm_fields=sys_id&sysparm_limit=1&email=jbard@vmware.com HTTP/1.1 and responded: HTTP/1.1 200 OK
2019-02-05 09:04:39.977  INFO 43118 --- [127.0.0.1:50571] okhttp3.mockwebserver.MockWebServer      : MockWebServer[50570] received request: GET /api/now/table/sysapproval_approver?sysparm_fields=sys_id,sysapproval,comments,due_date,sys_created_by&sysparm_limit=10000&source_table=sc_request&state=requested&approver=test-user-id HTTP/1.1 and responded: HTTP/1.1 200 OK
2019-02-05 09:04:39.986  INFO 43118 --- [127.0.0.1:50571] okhttp3.mockwebserver.MockWebServer      : MockWebServer[50570] received request: GET /api/now/table/sc_request/test-sc-request-id-1?sysparm_fields=sys_id,price,number HTTP/1.1 and responded: HTTP/1.1 200 OK
2019-02-05 09:04:39.989  INFO 43118 --- [127.0.0.1:50572] okhttp3.mockwebserver.MockWebServer      : MockWebServer[50570] received request: GET /api/now/table/sc_request/test-sc-request-id-2?sysparm_fields=sys_id,price,number HTTP/1.1 and responded: HTTP/1.1 200 OK
2019-02-05 09:04:39.989  INFO 43118 --- [127.0.0.1:50573] okhttp3.mockwebserver.MockWebServer      : MockWebServer[50570] received request: GET /api/now/table/sc_request/test-sc-request-id-3?sysparm_fields=sys_id,price,number HTTP/1.1 and responded: HTTP/1.1 200 OK
2019-02-05 09:04:39.998  INFO 43118 --- [127.0.0.1:50573] okhttp3.mockwebserver.MockWebServer      : MockWebServer[50570] received request: GET /api/now/table/sc_req_item?sysparm_fields=sys_id,price,request,short_description,quantity&sysparm_limit=10000&request=test-sc-request-id-2 HTTP/1.1 and responded: HTTP/1.1 200 OK
2019-02-05 09:04:39.998  INFO 43118 --- [127.0.0.1:50572] okhttp3.mockwebserver.MockWebServer      : MockWebServer[50570] received request: GET /api/now/table/sc_req_item?sysparm_fields=sys_id,price,request,short_description,quantity&sysparm_limit=10000&request=test-sc-request-id-3 HTTP/1.1 and responded: HTTP/1.1 200 OK
2019-02-05 09:04:40.203  INFO 43118 --- [WebServer 50575] okhttp3.mockwebserver.MockWebServer      : MockWebServer[50575] starting to accept connections
2019-02-05 09:04:40.239  INFO 43118 --- [127.0.0.1:50576] okhttp3.mockwebserver.MockWebServer      : MockWebServer[50575] received request: PATCH /api/now/table/sysapproval_approver/test-ticket-id?sysparm_fields=sys_id,state,comments HTTP/1.1 and responded: HTTP/1.1 200 OK
2019-02-05 09:04:40.252  INFO 43118 --- [WebServer 50575] okhttp3.mockwebserver.MockWebServer      : MockWebServer[50575] done accepting connections: Socket closed
2019-02-05 09:04:40.271  INFO 43118 --- [WebServer 50577] okhttp3.mockwebserver.MockWebServer      : MockWebServer[50577] starting to accept connections
2019-02-05 09:04:40.289  INFO 43118 --- [127.0.0.1:50578] okhttp3.mockwebserver.MockWebServer      : MockWebServer[50577] received request: GET /api/now/table/sys_user?sysparm_fields=sys_id&sysparm_limit=1&email=jbard@vmware.com HTTP/1.1 and responded: HTTP/1.1 200 OK
2019-02-05 09:04:40.291  WARN 43118 --- [ctor-http-nio-2] c.v.c.servicenow.ServiceNowController    : sys_id for jbard@vmware.com not found in http://localhost:50577/, returning empty cards
2019-02-05 09:04:40.302  INFO 43118 --- [WebServer 50577] okhttp3.mockwebserver.MockWebServer      : MockWebServer[50577] done accepting connections: Socket closed
2019-02-05 09:04:40.320  INFO 43118 --- [WebServer 50579] okhttp3.mockwebserver.MockWebServer      : MockWebServer[50579] starting to accept connections
2019-02-05 09:04:40.352  WARN 43118 --- [o-auto-1-exec-3] .m.m.a.ExceptionHandlerExceptionResolver : Resolved [org.springframework.web.bind.MethodArgumentNotValidException: Validation failed for argument at index 4 in method: public reactor.core.publisher.Mono<com.vmware.connectors.common.payloads.response.Cards> com.vmware.connectors.servicenow.ServiceNowController.getCards(java.lang.String,java.lang.String,java.lang.String,java.util.Locale,com.vmware.connectors.common.payloads.request.CardRequest,javax.servlet.http.HttpServletRequest), with 1 error(s): [Field error in object 'cardRequest' on field 'tokens': rejected value [null]; codes [NotNull.cardRequest.tokens,NotNull.tokens,NotNull.java.util.Map,NotNull]; arguments [org.springframework.context.support.DefaultMessageSourceResolvable: codes [cardRequest.tokens,tokens]; arguments []; default message [tokens]]; default message [tokens required]] ]
2019-02-05 09:04:40.356  INFO 43118 --- [WebServer 50579] okhttp3.mockwebserver.MockWebServer      : MockWebServer[50579] done accepting connections: Socket closed
2019-02-05 09:04:40.373  INFO 43118 --- [WebServer 50580] okhttp3.mockwebserver.MockWebServer      : MockWebServer[50580] starting to accept connections
2019-02-05 09:04:40.394  INFO 43118 --- [WebServer 50580] okhttp3.mockwebserver.MockWebServer      : MockWebServer[50580] done accepting connections: Socket closed
2019-02-05 09:04:40.413  INFO 43118 --- [WebServer 50583] okhttp3.mockwebserver.MockWebServer      : MockWebServer[50583] starting to accept connections
2019-02-05 09:04:40.430  INFO 43118 --- [WebServer 50583] okhttp3.mockwebserver.MockWebServer      : MockWebServer[50583] done accepting connections: Socket closed
2019-02-05 09:04:40.447  INFO 43118 --- [WebServer 50584] okhttp3.mockwebserver.MockWebServer      : MockWebServer[50584] starting to accept connections
2019-02-05 09:04:40.458  WARN 43118 --- [o-auto-1-exec-6] .m.m.a.ExceptionHandlerExceptionResolver : Resolved [org.springframework.web.bind.MethodArgumentNotValidException: Validation failed for argument at index 4 in method: public reactor.core.publisher.Mono<com.vmware.connectors.common.payloads.response.Cards> com.vmware.connectors.servicenow.ServiceNowController.getCards(java.lang.String,java.lang.String,java.lang.String,java.util.Locale,com.vmware.connectors.common.payloads.request.CardRequest,javax.servlet.http.HttpServletRequest), with 1 error(s): [Field error in object 'cardRequest' on field 'tokens': rejected value [{}]; codes [Size.cardRequest.tokens,Size.tokens,Size.java.util.Map,Size]; arguments [org.springframework.context.support.DefaultMessageSourceResolvable: codes [cardRequest.tokens,tokens]; arguments []; default message [tokens],2147483647,1]; default message [tokens should have at least one entry]] ]
2019-02-05 09:04:40.463  INFO 43118 --- [WebServer 50584] okhttp3.mockwebserver.MockWebServer      : MockWebServer[50584] done accepting connections: Socket closed
[ERROR] Tests run: 24, Failures: 2, Errors: 1, Skipped: 0, Time elapsed: 20.504 s <<< FAILURE! - in com.vmware.connectors.servicenow.ServiceNowControllerTest
[ERROR] testCatalogItemsResponse  Time elapsed: 5.051 s  <<< ERROR!
java.lang.IllegalStateException: Timeout on blocking read for 5000 MILLISECONDS
	at com.vmware.connectors.servicenow.ServiceNowControllerTest.doPost(ServiceNowControllerTest.java:151)
	at com.vmware.connectors.servicenow.ServiceNowControllerTest.doPost(ServiceNowControllerTest.java:122)
	at com.vmware.connectors.servicenow.ServiceNowControllerTest.getItems(ServiceNowControllerTest.java:187)
	at com.vmware.connectors.servicenow.ServiceNowControllerTest.testCatalogItemsResponse(ServiceNowControllerTest.java:432)

[ERROR] testRequestCardsSuccess{String, String}[1]  Time elapsed: 0.332 s  <<< FAILURE!
java.lang.AssertionError: 
Further request(s) expected leaving 3 unsatisfied expectation(s).
7 request(s) executed:
GET /api/now/table/sys_user?sysparm_fields=sys_id&sysparm_limit=1&email=jbard@vmware.com, headers: {accept=[*/*], accept-encoding=[gzip], authorization=[Bearer test-GOOD-auth-token], host=[localhost:50565], user-agent=[ReactorNetty/0.7.9.RELEASE]}
GET /api/now/table/sysapproval_approver?sysparm_fields=sys_id,sysapproval,comments,due_date,sys_created_by&sysparm_limit=10000&source_table=sc_request&state=requested&approver=test-user-id, headers: {accept=[*/*], accept-encoding=[gzip], authorization=[Bearer test-GOOD-auth-token], host=[localhost:50565], user-agent=[ReactorNetty/0.7.9.RELEASE]}
GET /api/now/table/sc_request/test-sc-request-id-1?sysparm_fields=sys_id,price,number, headers: {accept=[*/*], accept-encoding=[gzip], authorization=[Bearer test-GOOD-auth-token], host=[localhost:50565], user-agent=[ReactorNetty/0.7.9.RELEASE]}
GET /api/now/table/sc_request/test-sc-request-id-2?sysparm_fields=sys_id,price,number, headers: {accept=[*/*], accept-encoding=[gzip], authorization=[Bearer test-GOOD-auth-token], host=[localhost:50565], user-agent=[ReactorNetty/0.7.9.RELEASE]}
GET /api/now/table/sc_request/test-sc-request-id-3?sysparm_fields=sys_id,price,number, headers: {accept=[*/*], accept-encoding=[gzip], authorization=[Bearer test-GOOD-auth-token], host=[localhost:50565], user-agent=[ReactorNetty/0.7.9.RELEASE]}
GET /api/now/table/sc_req_item?sysparm_fields=sys_id,price,request,short_description,quantity&sysparm_limit=10000&request=test-sc-request-id-2, headers: {accept=[*/*], accept-encoding=[gzip], authorization=[Bearer test-GOOD-auth-token], host=[localhost:50565], user-agent=[ReactorNetty/0.7.9.RELEASE]}
GET /api/now/table/sc_req_item?sysparm_fields=sys_id,price,request,short_description,quantity&sysparm_limit=10000&request=test-sc-request-id-3, headers: {accept=[*/*], accept-encoding=[gzip], authorization=[Bearer test-GOOD-auth-token], host=[localhost:50565], user-agent=[ReactorNetty/0.7.9.RELEASE]}


[ERROR] testRequestCardsSuccess{String, String}[2]  Time elapsed: 0.097 s  <<< FAILURE!
java.lang.AssertionError: 
Further request(s) expected leaving 3 unsatisfied expectation(s).
7 request(s) executed:
GET /api/now/table/sys_user?sysparm_fields=sys_id&sysparm_limit=1&email=jbard@vmware.com, headers: {accept=[*/*], accept-encoding=[gzip], authorization=[Bearer test-GOOD-auth-token], host=[localhost:50570], user-agent=[ReactorNetty/0.7.9.RELEASE]}
GET /api/now/table/sysapproval_approver?sysparm_fields=sys_id,sysapproval,comments,due_date,sys_created_by&sysparm_limit=10000&source_table=sc_request&state=requested&approver=test-user-id, headers: {accept=[*/*], accept-encoding=[gzip], authorization=[Bearer test-GOOD-auth-token], host=[localhost:50570], user-agent=[ReactorNetty/0.7.9.RELEASE]}
GET /api/now/table/sc_request/test-sc-request-id-1?sysparm_fields=sys_id,price,number, headers: {accept=[*/*], accept-encoding=[gzip], authorization=[Bearer test-GOOD-auth-token], host=[localhost:50570], user-agent=[ReactorNetty/0.7.9.RELEASE]}
GET /api/now/table/sc_request/test-sc-request-id-3?sysparm_fields=sys_id,price,number, headers: {accept=[*/*], accept-encoding=[gzip], authorization=[Bearer test-GOOD-auth-token], host=[localhost:50570], user-agent=[ReactorNetty/0.7.9.RELEASE]}
GET /api/now/table/sc_request/test-sc-request-id-2?sysparm_fields=sys_id,price,number, headers: {accept=[*/*], accept-encoding=[gzip], authorization=[Bearer test-GOOD-auth-token], host=[localhost:50570], user-agent=[ReactorNetty/0.7.9.RELEASE]}
GET /api/now/table/sc_req_item?sysparm_fields=sys_id,price,request,short_description,quantity&sysparm_limit=10000&request=test-sc-request-id-2, headers: {accept=[*/*], accept-encoding=[gzip], authorization=[Bearer test-GOOD-auth-token], host=[localhost:50570], user-agent=[ReactorNetty/0.7.9.RELEASE]}
GET /api/now/table/sc_req_item?sysparm_fields=sys_id,price,request,short_description,quantity&sysparm_limit=10000&request=test-sc-request-id-3, headers: {accept=[*/*], accept-encoding=[gzip], authorization=[Bearer test-GOOD-auth-token], host=[localhost:50570], user-agent=[ReactorNetty/0.7.9.RELEASE]}


2019-02-05 09:04:40.485  INFO 43118 --- [      Thread-13] ConfigServletWebServerApplicationContext : Closing org.springframework.boot.web.servlet.context.AnnotationConfigServletWebServerApplicationContext@79aab764: startup date [Tue Feb 05 09:04:23 EST 2019]; root of context hierarchy
[INFO] 
[INFO] Results:
[INFO] 
[ERROR] Failures: 
[ERROR]   ServiceNowControllerTest>ControllerTestsBase.shutdown:89 Further request(s) expected leaving 3 unsatisfied expectation(s).
7 request(s) executed:
GET /api/now/table/sys_user?sysparm_fields=sys_id&sysparm_limit=1&email=jbard@vmware.com, headers: {accept=[*/*], accept-encoding=[gzip], authorization=[Bearer test-GOOD-auth-token], host=[localhost:50565], user-agent=[ReactorNetty/0.7.9.RELEASE]}
GET /api/now/table/sysapproval_approver?sysparm_fields=sys_id,sysapproval,comments,due_date,sys_created_by&sysparm_limit=10000&source_table=sc_request&state=requested&approver=test-user-id, headers: {accept=[*/*], accept-encoding=[gzip], authorization=[Bearer test-GOOD-auth-token], host=[localhost:50565], user-agent=[ReactorNetty/0.7.9.RELEASE]}
GET /api/now/table/sc_request/test-sc-request-id-1?sysparm_fields=sys_id,price,number, headers: {accept=[*/*], accept-encoding=[gzip], authorization=[Bearer test-GOOD-auth-token], host=[localhost:50565], user-agent=[ReactorNetty/0.7.9.RELEASE]}
GET /api/now/table/sc_request/test-sc-request-id-2?sysparm_fields=sys_id,price,number, headers: {accept=[*/*], accept-encoding=[gzip], authorization=[Bearer test-GOOD-auth-token], host=[localhost:50565], user-agent=[ReactorNetty/0.7.9.RELEASE]}
GET /api/now/table/sc_request/test-sc-request-id-3?sysparm_fields=sys_id,price,number, headers: {accept=[*/*], accept-encoding=[gzip], authorization=[Bearer test-GOOD-auth-token], host=[localhost:50565], user-agent=[ReactorNetty/0.7.9.RELEASE]}
GET /api/now/table/sc_req_item?sysparm_fields=sys_id,price,request,short_description,quantity&sysparm_limit=10000&request=test-sc-request-id-2, headers: {accept=[*/*], accept-encoding=[gzip], authorization=[Bearer test-GOOD-auth-token], host=[localhost:50565], user-agent=[ReactorNetty/0.7.9.RELEASE]}
GET /api/now/table/sc_req_item?sysparm_fields=sys_id,price,request,short_description,quantity&sysparm_limit=10000&request=test-sc-request-id-3, headers: {accept=[*/*], accept-encoding=[gzip], authorization=[Bearer test-GOOD-auth-token], host=[localhost:50565], user-agent=[ReactorNetty/0.7.9.RELEASE]}

[ERROR]   ServiceNowControllerTest>ControllerTestsBase.shutdown:89 Further request(s) expected leaving 3 unsatisfied expectation(s).
7 request(s) executed:
GET /api/now/table/sys_user?sysparm_fields=sys_id&sysparm_limit=1&email=jbard@vmware.com, headers: {accept=[*/*], accept-encoding=[gzip], authorization=[Bearer test-GOOD-auth-token], host=[localhost:50570], user-agent=[ReactorNetty/0.7.9.RELEASE]}
GET /api/now/table/sysapproval_approver?sysparm_fields=sys_id,sysapproval,comments,due_date,sys_created_by&sysparm_limit=10000&source_table=sc_request&state=requested&approver=test-user-id, headers: {accept=[*/*], accept-encoding=[gzip], authorization=[Bearer test-GOOD-auth-token], host=[localhost:50570], user-agent=[ReactorNetty/0.7.9.RELEASE]}
GET /api/now/table/sc_request/test-sc-request-id-1?sysparm_fields=sys_id,price,number, headers: {accept=[*/*], accept-encoding=[gzip], authorization=[Bearer test-GOOD-auth-token], host=[localhost:50570], user-agent=[ReactorNetty/0.7.9.RELEASE]}
GET /api/now/table/sc_request/test-sc-request-id-3?sysparm_fields=sys_id,price,number, headers: {accept=[*/*], accept-encoding=[gzip], authorization=[Bearer test-GOOD-auth-token], host=[localhost:50570], user-agent=[ReactorNetty/0.7.9.RELEASE]}
GET /api/now/table/sc_request/test-sc-request-id-2?sysparm_fields=sys_id,price,number, headers: {accept=[*/*], accept-encoding=[gzip], authorization=[Bearer test-GOOD-auth-token], host=[localhost:50570], user-agent=[ReactorNetty/0.7.9.RELEASE]}
GET /api/now/table/sc_req_item?sysparm_fields=sys_id,price,request,short_description,quantity&sysparm_limit=10000&request=test-sc-request-id-2, headers: {accept=[*/*], accept-encoding=[gzip], authorization=[Bearer test-GOOD-auth-token], host=[localhost:50570], user-agent=[ReactorNetty/0.7.9.RELEASE]}
GET /api/now/table/sc_req_item?sysparm_fields=sys_id,price,request,short_description,quantity&sysparm_limit=10000&request=test-sc-request-id-3, headers: {accept=[*/*], accept-encoding=[gzip], authorization=[Bearer test-GOOD-auth-token], host=[localhost:50570], user-agent=[ReactorNetty/0.7.9.RELEASE]}

[ERROR] Errors: 
[ERROR]   ServiceNowControllerTest.testCatalogItemsResponse:432->getItems:187->doPost:122->doPost:151 » IllegalState
[INFO] 
[ERROR] Tests run: 24, Failures: 2, Errors: 1, Skipped: 0
[INFO] 
[INFO] ------------------------------------------------------------------------
[INFO] Reactor Summary:
[INFO] 
[INFO] Workspace One Connectors Parent .................... SUCCESS [  0.405 s]
[INFO] common ............................................. SUCCESS [  0.011 s]
[INFO] Workspace One Common Testing Module ................ SUCCESS [  6.077 s]
[INFO] Workspace One Common Module ........................ SUCCESS [  8.317 s]
[INFO] Workspace One Connectors Common Config Module ...... SUCCESS [  1.677 s]
[INFO] Workspace One Connectors Common Testing Module ..... SUCCESS [  1.123 s]
[INFO] connectors ......................................... SUCCESS [  0.009 s]
[INFO] servicenow-connector ............................... FAILURE [ 25.018 s]
[INFO] ------------------------------------------------------------------------
[INFO] BUILD FAILURE
[INFO] ------------------------------------------------------------------------
[INFO] Total time: 44.412 s
[INFO] Finished at: 2019-02-05T09:04:41-05:00
[INFO] Final Memory: 91M/317M
[INFO] ------------------------------------------------------------------------
[ERROR] Failed to execute goal org.apache.maven.plugins:maven-surefire-plugin:2.22.0:test (default-test) on project servicenow-connector: There are test failures.
[ERROR] 
[ERROR] Please refer to /Users/chawlar/workspace/watson/watson_ga/connectors-workspace-one/connectors/servicenow/target/surefire-reports for the individual test results.
[ERROR] Please refer to dump files (if any exist) [date]-jvmRun[N].dump, [date].dumpstream and [date]-jvmRun[N].dumpstream.
[ERROR] -> [Help 1]
[ERROR] 
[ERROR] To see the full stack trace of the errors, re-run Maven with the -e switch.
[ERROR] Re-run Maven using the -X switch to enable full debug logging.
[ERROR] 
[ERROR] For more information about the errors and possible solutions, please read the following articles:
[ERROR] [Help 1] http://cwiki.apache.org/confluence/display/MAVEN/MojoFailureException
[ERROR] 
[ERROR] After correcting the problems, you can resume the build with the command
[ERROR]   mvn <goals> -rf :servicenow-connector
